================================================= test session starts =================================================
platform win32 -- Python 3.7.3, pytest-4.3.1, py-1.8.0, pluggy-0.9.0
rootdir: C:\Users\Owner\Downloads\assignment3, inifile:
plugins: timeout-1.3.3, remotedata-0.3.1, openfiles-0.3.2, doctestplus-0.3.0, arraydiff-0.3
timeout: 3.0s
timeout method: thread
timeout func_only: False
collected 8 items

test_student.py FFFFFFFF                                                                                         [100%]

====================================================== FAILURES =======================================================
____________________________________________________ test_s_len_1 _____________________________________________________

    def test_s_len_1():
        l = LinkedList()
>       l.push(5)
E       AttributeError: 'LinkedList' object has no attribute 'push'

test_student.py:6: AttributeError
____________________________________________________ test_s_len_2 _____________________________________________________

    def test_s_len_2():
        l = LinkedList()
>       assert l.len() == 0
E       AttributeError: 'LinkedList' object has no attribute 'len'

test_student.py:13: AttributeError
____________________________________________________ test_s_len_3 _____________________________________________________

    def test_s_len_3():
        l = LinkedList()
>       l.push(5)
E       AttributeError: 'LinkedList' object has no attribute 'push'

test_student.py:17: AttributeError
___________________________________________________ test_s_remove_1 ___________________________________________________

    def test_s_remove_1():
        l = LinkedList()
>       l.push(5)
E       AttributeError: 'LinkedList' object has no attribute 'push'

test_student.py:25: AttributeError
___________________________________________________ test_s_remove_2 ___________________________________________________

    def test_s_remove_2():
        l = LinkedList()
>       l.push(5)
E       AttributeError: 'LinkedList' object has no attribute 'push'

test_student.py:46: AttributeError
____________________________________________________ test_s_get_1 _____________________________________________________

    def test_s_get_1():
        l = LinkedList()
>       l.push(10)
E       AttributeError: 'LinkedList' object has no attribute 'push'

test_student.py:56: AttributeError
____________________________________________________ test_s_get_2 _____________________________________________________

    def test_s_get_2():
        l = LinkedList()
>       l.push(10)
E       AttributeError: 'LinkedList' object has no attribute 'push'

test_student.py:64: AttributeError
____________________________________________________ test_s_get_3 _____________________________________________________

    def test_s_get_3():
        l = LinkedList()
>       l.push(10)
E       AttributeError: 'LinkedList' object has no attribute 'push'

test_student.py:72: AttributeError
============================================== 8 failed in 0.46 seconds ===============================================
================================================= test session starts =================================================
platform win32 -- Python 3.7.3, pytest-4.3.1, py-1.8.0, pluggy-0.9.0
rootdir: C:\Users\Owner\Downloads\assignment3, inifile:
plugins: timeout-1.3.3, remotedata-0.3.1, openfiles-0.3.2, doctestplus-0.3.0, arraydiff-0.3
timeout: 3.0s
timeout method: thread
timeout func_only: False
collected 8 items

test_student.py FFFFFFFF                                                                                         [100%]

====================================================== FAILURES =======================================================
____________________________________________________ test_s_len_1 _____________________________________________________

    def test_s_len_1():
        l = LinkedList()
        l.push(5)
        l.push(6)
    
>       assert l.len() == 2
E       AttributeError: 'LinkedList' object has no attribute 'len'

test_student.py:9: AttributeError
____________________________________________________ test_s_len_2 _____________________________________________________

    def test_s_len_2():
        l = LinkedList()
>       assert l.len() == 0
E       AttributeError: 'LinkedList' object has no attribute 'len'

test_student.py:13: AttributeError
____________________________________________________ test_s_len_3 _____________________________________________________

    def test_s_len_3():
        l = LinkedList()
        l.push(5)
        l.push(2)
>       l.pop()
E       AttributeError: 'LinkedList' object has no attribute 'pop'

test_student.py:19: AttributeError
___________________________________________________ test_s_remove_1 ___________________________________________________

    def test_s_remove_1():
        l = LinkedList()
        l.push(5)
        l.push(6)
    
>       l.remove(5)
E       AttributeError: 'LinkedList' object has no attribute 'remove'

test_student.py:28: AttributeError
___________________________________________________ test_s_remove_2 ___________________________________________________

    def test_s_remove_2():
        l = LinkedList()
        l.push(5)
        l.push(6)
    
>       l.remove(19)
E       AttributeError: 'LinkedList' object has no attribute 'remove'

test_student.py:49: AttributeError
____________________________________________________ test_s_get_1 _____________________________________________________

    def test_s_get_1():
        l = LinkedList()
        l.push(10)
        l.push(11)
        l.push(12)
>       assert l.get(0) == 10
E       AttributeError: 'LinkedList' object has no attribute 'get'

test_student.py:59: AttributeError
____________________________________________________ test_s_get_2 _____________________________________________________

    def test_s_get_2():
        l = LinkedList()
        l.push(10)
        l.push(11)
        l.push(12)
>       assert l.get(1) == 11
E       AttributeError: 'LinkedList' object has no attribute 'get'

test_student.py:67: AttributeError
____________________________________________________ test_s_get_3 _____________________________________________________

    def test_s_get_3():
        l = LinkedList()
        l.push(10)
        l.push(11)
        l.push(12)
>       l.pop()
E       AttributeError: 'LinkedList' object has no attribute 'pop'

test_student.py:75: AttributeError
============================================== 8 failed in 0.23 seconds ===============================================
================================================= test session starts =================================================
platform win32 -- Python 3.7.3, pytest-4.3.1, py-1.8.0, pluggy-0.9.0
rootdir: C:\Users\Owner\Downloads\assignment3, inifile:
plugins: timeout-1.3.3, remotedata-0.3.1, openfiles-0.3.2, doctestplus-0.3.0, arraydiff-0.3
timeout: 3.0s
timeout method: thread
timeout func_only: False
collected 8 items

test_student.py FFFFFFFF                                                                                         [100%]

====================================================== FAILURES =======================================================
____________________________________________________ test_s_len_1 _____________________________________________________

    def test_s_len_1():
        l = LinkedList()
        l.push(5)
        l.push(6)
    
>       assert l.len() == 2
E       AttributeError: 'LinkedList' object has no attribute 'len'

test_student.py:9: AttributeError
____________________________________________________ test_s_len_2 _____________________________________________________

    def test_s_len_2():
        l = LinkedList()
>       assert l.len() == 0
E       AttributeError: 'LinkedList' object has no attribute 'len'

test_student.py:13: AttributeError
____________________________________________________ test_s_len_3 _____________________________________________________

    def test_s_len_3():
        l = LinkedList()
        l.push(5)
        l.push(2)
        l.pop()
    
>       assert l.len() == 1
E       AttributeError: 'LinkedList' object has no attribute 'len'

test_student.py:21: AttributeError
___________________________________________________ test_s_remove_1 ___________________________________________________

    def test_s_remove_1():
        l = LinkedList()
        l.push(5)
        l.push(6)
    
>       l.remove(5)
E       AttributeError: 'LinkedList' object has no attribute 'remove'

test_student.py:28: AttributeError
___________________________________________________ test_s_remove_2 ___________________________________________________

    def test_s_remove_2():
        l = LinkedList()
        l.push(5)
        l.push(6)
    
>       l.remove(19)
E       AttributeError: 'LinkedList' object has no attribute 'remove'

test_student.py:49: AttributeError
____________________________________________________ test_s_get_1 _____________________________________________________

    def test_s_get_1():
        l = LinkedList()
        l.push(10)
        l.push(11)
        l.push(12)
>       assert l.get(0) == 10
E       AttributeError: 'LinkedList' object has no attribute 'get'

test_student.py:59: AttributeError
____________________________________________________ test_s_get_2 _____________________________________________________

    def test_s_get_2():
        l = LinkedList()
        l.push(10)
        l.push(11)
        l.push(12)
>       assert l.get(1) == 11
E       AttributeError: 'LinkedList' object has no attribute 'get'

test_student.py:67: AttributeError
____________________________________________________ test_s_get_3 _____________________________________________________

    def test_s_get_3():
        l = LinkedList()
        l.push(10)
        l.push(11)
        l.push(12)
        l.pop()
        try:
>           l.get(2)
E           AttributeError: 'LinkedList' object has no attribute 'get'

test_student.py:77: AttributeError
============================================== 8 failed in 0.22 seconds ===============================================
================================================= test session starts =================================================
platform win32 -- Python 3.7.3, pytest-4.3.1, py-1.8.0, pluggy-0.9.0
rootdir: C:\Users\Owner\Downloads\assignment3, inifile:
plugins: timeout-1.3.3, remotedata-0.3.1, openfiles-0.3.2, doctestplus-0.3.0, arraydiff-0.3
timeout: 3.0s
timeout method: thread
timeout func_only: False
collected 8 items

test_student.py FFFFFFFF                                                                                         [100%]

====================================================== FAILURES =======================================================
____________________________________________________ test_s_len_1 _____________________________________________________

    def test_s_len_1():
        l = LinkedList()
        l.push(5)
        l.push(6)
    
>       assert l.len() == 2
E       AttributeError: 'LinkedList' object has no attribute 'len'

test_student.py:9: AttributeError
____________________________________________________ test_s_len_2 _____________________________________________________

    def test_s_len_2():
        l = LinkedList()
>       assert l.len() == 0
E       AttributeError: 'LinkedList' object has no attribute 'len'

test_student.py:13: AttributeError
____________________________________________________ test_s_len_3 _____________________________________________________

    def test_s_len_3():
        l = LinkedList()
        l.push(5)
        l.push(2)
        l.pop()
    
>       assert l.len() == 1
E       AttributeError: 'LinkedList' object has no attribute 'len'

test_student.py:21: AttributeError
___________________________________________________ test_s_remove_1 ___________________________________________________

    def test_s_remove_1():
        l = LinkedList()
        l.push(5)
        l.push(6)
    
>       l.remove(5)
E       AttributeError: 'LinkedList' object has no attribute 'remove'

test_student.py:28: AttributeError
___________________________________________________ test_s_remove_2 ___________________________________________________

    def test_s_remove_2():
        l = LinkedList()
        l.push(5)
        l.push(6)
    
>       l.remove(19)
E       AttributeError: 'LinkedList' object has no attribute 'remove'

test_student.py:49: AttributeError
____________________________________________________ test_s_get_1 _____________________________________________________

    def test_s_get_1():
        l = LinkedList()
        l.push(10)
        l.push(11)
        l.push(12)
>       assert l.get(0) == 10
E       assert None == 10
E        +  where None = <bound method LinkedList.get of <a03.LinkedList object at 0x000001C8B56A7518>>(0)
E        +    where <bound method LinkedList.get of <a03.LinkedList object at 0x000001C8B56A7518>> = <a03.LinkedList object at 0x000001C8B56A7518>.get

test_student.py:59: AssertionError
____________________________________________________ test_s_get_2 _____________________________________________________

    def test_s_get_2():
        l = LinkedList()
        l.push(10)
        l.push(11)
        l.push(12)
>       assert l.get(1) == 11
E       assert None == 11
E        +  where None = <bound method LinkedList.get of <a03.LinkedList object at 0x000001C8B56AA710>>(1)
E        +    where <bound method LinkedList.get of <a03.LinkedList object at 0x000001C8B56AA710>> = <a03.LinkedList object at 0x000001C8B56AA710>.get

test_student.py:67: AssertionError
____________________________________________________ test_s_get_3 _____________________________________________________

    def test_s_get_3():
        l = LinkedList()
        l.push(10)
        l.push(11)
        l.push(12)
        l.pop()
        try:
            l.get(2)
>           raise AssertionError("IndexError not raised as expected!")
E           AssertionError: IndexError not raised as expected!

test_student.py:78: AssertionError
============================================== 8 failed in 0.44 seconds ===============================================
================================================= test session starts =================================================
platform win32 -- Python 3.7.3, pytest-4.3.1, py-1.8.0, pluggy-0.9.0
rootdir: C:\Users\Owner\Downloads\assignment3, inifile:
plugins: timeout-1.3.3, remotedata-0.3.1, openfiles-0.3.2, doctestplus-0.3.0, arraydiff-0.3
timeout: 3.0s
timeout method: thread
timeout func_only: False
collected 8 items

test_student.py FFFFFFFF                                                                                         [100%]

====================================================== FAILURES =======================================================
____________________________________________________ test_s_len_1 _____________________________________________________

    def test_s_len_1():
        l = LinkedList()
        l.push(5)
        l.push(6)
    
>       assert l.len() == 2
E       assert 0 == 2
E        +  where 0 = <bound method LinkedList.len of <a03.LinkedList object at 0x0000021D4DA00B70>>()
E        +    where <bound method LinkedList.len of <a03.LinkedList object at 0x0000021D4DA00B70>> = <a03.LinkedList object at 0x0000021D4DA00B70>.len

test_student.py:9: AssertionError
____________________________________________________ test_s_len_2 _____________________________________________________

    def test_s_len_2():
        l = LinkedList()
>       assert l.len() == 0

test_student.py:13: 
_ _ _ _ _ _ _ _ _ _ _ _ _ _ _ _ _ _ _ _ _ _ _ _ _ _ _ _ _ _ _ _ _ _ _ _ _ _ _ _ _ _ _ _ _ _ _ _ _ _ _ _ _ _ _ _ _ _ _ _

self = <a03.LinkedList object at 0x0000021D4DA00D30>

    def len(self):
    
        temp = self.head
        counter = 0
>       while temp.next is not None:
E       AttributeError: 'NoneType' object has no attribute 'next'

a03.py:44: AttributeError
____________________________________________________ test_s_len_3 _____________________________________________________

    def test_s_len_3():
        l = LinkedList()
        l.push(5)
        l.push(2)
        l.pop()
    
>       assert l.len() == 1
E       assert 0 == 1
E        +  where 0 = <bound method LinkedList.len of <a03.LinkedList object at 0x0000021D4DA66240>>()
E        +    where <bound method LinkedList.len of <a03.LinkedList object at 0x0000021D4DA66240>> = <a03.LinkedList object at 0x0000021D4DA66240>.len

test_student.py:21: AssertionError
___________________________________________________ test_s_remove_1 ___________________________________________________

    def test_s_remove_1():
        l = LinkedList()
        l.push(5)
        l.push(6)
    
>       l.remove(5)
E       AttributeError: 'LinkedList' object has no attribute 'remove'

test_student.py:28: AttributeError
___________________________________________________ test_s_remove_2 ___________________________________________________

    def test_s_remove_2():
        l = LinkedList()
        l.push(5)
        l.push(6)
    
>       l.remove(19)
E       AttributeError: 'LinkedList' object has no attribute 'remove'

test_student.py:49: AttributeError
____________________________________________________ test_s_get_1 _____________________________________________________

    def test_s_get_1():
        l = LinkedList()
        l.push(10)
        l.push(11)
        l.push(12)
>       assert l.get(0) == 10
E       assert None == 10
E        +  where None = <bound method LinkedList.get of <a03.LinkedList object at 0x0000021D4DA66AC8>>(0)
E        +    where <bound method LinkedList.get of <a03.LinkedList object at 0x0000021D4DA66AC8>> = <a03.LinkedList object at 0x0000021D4DA66AC8>.get

test_student.py:59: AssertionError
____________________________________________________ test_s_get_2 _____________________________________________________

    def test_s_get_2():
        l = LinkedList()
        l.push(10)
        l.push(11)
        l.push(12)
>       assert l.get(1) == 11
E       assert None == 11
E        +  where None = <bound method LinkedList.get of <a03.LinkedList object at 0x0000021D4DA74358>>(1)
E        +    where <bound method LinkedList.get of <a03.LinkedList object at 0x0000021D4DA74358>> = <a03.LinkedList object at 0x0000021D4DA74358>.get

test_student.py:67: AssertionError
____________________________________________________ test_s_get_3 _____________________________________________________

    def test_s_get_3():
        l = LinkedList()
        l.push(10)
        l.push(11)
        l.push(12)
        l.pop()
        try:
            l.get(2)
>           raise AssertionError("IndexError not raised as expected!")
E           AssertionError: IndexError not raised as expected!

test_student.py:78: AssertionError
============================================== 8 failed in 0.28 seconds ===============================================
================================================= test session starts =================================================
platform win32 -- Python 3.7.3, pytest-4.3.1, py-1.8.0, pluggy-0.9.0
rootdir: C:\Users\Owner\Downloads\assignment3, inifile:
plugins: timeout-1.3.3, remotedata-0.3.1, openfiles-0.3.2, doctestplus-0.3.0, arraydiff-0.3
timeout: 3.0s
timeout method: thread
timeout func_only: False
collected 8 items

test_student.py FFFFFFFF                                                                                         [100%]

====================================================== FAILURES =======================================================
____________________________________________________ test_s_len_1 _____________________________________________________

    def test_s_len_1():
        l = LinkedList()
        l.push(5)
        l.push(6)
    
>       assert l.len() == 2
E       assert 0 == 2
E        +  where 0 = <bound method LinkedList.len of <a03.LinkedList object at 0x000002544E082AC8>>()
E        +    where <bound method LinkedList.len of <a03.LinkedList object at 0x000002544E082AC8>> = <a03.LinkedList object at 0x000002544E082AC8>.len

test_student.py:9: AssertionError
____________________________________________________ test_s_len_2 _____________________________________________________

    def test_s_len_2():
        l = LinkedList()
>       assert l.len() == 0

test_student.py:13: 
_ _ _ _ _ _ _ _ _ _ _ _ _ _ _ _ _ _ _ _ _ _ _ _ _ _ _ _ _ _ _ _ _ _ _ _ _ _ _ _ _ _ _ _ _ _ _ _ _ _ _ _ _ _ _ _ _ _ _ _

self = <a03.LinkedList object at 0x000002544E082CC0>

    def len(self):
    
        temp = self.head
        counter = 0
>       while temp.next is not None:
E       AttributeError: 'NoneType' object has no attribute 'next'

a03.py:44: AttributeError
____________________________________________________ test_s_len_3 _____________________________________________________

    def test_s_len_3():
        l = LinkedList()
        l.push(5)
        l.push(2)
        l.pop()
    
>       assert l.len() == 1
E       assert 0 == 1
E        +  where 0 = <bound method LinkedList.len of <a03.LinkedList object at 0x000002544E0E5320>>()
E        +    where <bound method LinkedList.len of <a03.LinkedList object at 0x000002544E0E5320>> = <a03.LinkedList object at 0x000002544E0E5320>.len

test_student.py:21: AssertionError
___________________________________________________ test_s_remove_1 ___________________________________________________

    def test_s_remove_1():
        l = LinkedList()
        l.push(5)
        l.push(6)
    
>       l.remove(5)
E       AttributeError: 'LinkedList' object has no attribute 'remove'

test_student.py:28: AttributeError
___________________________________________________ test_s_remove_2 ___________________________________________________

    def test_s_remove_2():
        l = LinkedList()
        l.push(5)
        l.push(6)
    
>       l.remove(19)
E       AttributeError: 'LinkedList' object has no attribute 'remove'

test_student.py:49: AttributeError
____________________________________________________ test_s_get_1 _____________________________________________________

    def test_s_get_1():
        l = LinkedList()
        l.push(10)
        l.push(11)
        l.push(12)
>       assert l.get(0) == 10
E       assert None == 10
E        +  where None = <bound method LinkedList.get of <a03.LinkedList object at 0x000002544E0E5978>>(0)
E        +    where <bound method LinkedList.get of <a03.LinkedList object at 0x000002544E0E5978>> = <a03.LinkedList object at 0x000002544E0E5978>.get

test_student.py:59: AssertionError
____________________________________________________ test_s_get_2 _____________________________________________________

    def test_s_get_2():
        l = LinkedList()
        l.push(10)
        l.push(11)
        l.push(12)
>       assert l.get(1) == 11
E       assert None == 11
E        +  where None = <bound method LinkedList.get of <a03.LinkedList object at 0x000002544E0F42B0>>(1)
E        +    where <bound method LinkedList.get of <a03.LinkedList object at 0x000002544E0F42B0>> = <a03.LinkedList object at 0x000002544E0F42B0>.get

test_student.py:67: AssertionError
____________________________________________________ test_s_get_3 _____________________________________________________

    def test_s_get_3():
        l = LinkedList()
        l.push(10)
        l.push(11)
        l.push(12)
        l.pop()
        try:
            l.get(2)
>           raise AssertionError("IndexError not raised as expected!")
E           AssertionError: IndexError not raised as expected!

test_student.py:78: AssertionError
============================================== 8 failed in 0.23 seconds ===============================================
================================================= test session starts =================================================
platform win32 -- Python 3.7.3, pytest-4.3.1, py-1.8.0, pluggy-0.9.0
rootdir: C:\Users\Owner\Downloads\assignment3, inifile:
plugins: timeout-1.3.3, remotedata-0.3.1, openfiles-0.3.2, doctestplus-0.3.0, arraydiff-0.3
timeout: 3.0s
timeout method: thread
timeout func_only: False
collected 8 items

test_student.py FFFFFFF.                                                                                         [100%]

====================================================== FAILURES =======================================================
____________________________________________________ test_s_len_1 _____________________________________________________

    def test_s_len_1():
        l = LinkedList()
        l.push(5)
        l.push(6)
    
>       assert l.len() == 2
E       assert 0 == 2
E        +  where 0 = <bound method LinkedList.len of <a03.LinkedList object at 0x000001ED8FC30128>>()
E        +    where <bound method LinkedList.len of <a03.LinkedList object at 0x000001ED8FC30128>> = <a03.LinkedList object at 0x000001ED8FC30128>.len

test_student.py:9: AssertionError
____________________________________________________ test_s_len_2 _____________________________________________________

    def test_s_len_2():
        l = LinkedList()
>       assert l.len() == 0

test_student.py:13: 
_ _ _ _ _ _ _ _ _ _ _ _ _ _ _ _ _ _ _ _ _ _ _ _ _ _ _ _ _ _ _ _ _ _ _ _ _ _ _ _ _ _ _ _ _ _ _ _ _ _ _ _ _ _ _ _ _ _ _ _

self = <a03.LinkedList object at 0x000001ED8FC30F28>

    def len(self):
    
        temp = self.head
        counter = 0
>       while temp.next is not None:
E       AttributeError: 'NoneType' object has no attribute 'next'

a03.py:44: AttributeError
____________________________________________________ test_s_len_3 _____________________________________________________

    def test_s_len_3():
        l = LinkedList()
        l.push(5)
        l.push(2)
        l.pop()
    
>       assert l.len() == 1
E       assert 0 == 1
E        +  where 0 = <bound method LinkedList.len of <a03.LinkedList object at 0x000001ED8FC88080>>()
E        +    where <bound method LinkedList.len of <a03.LinkedList object at 0x000001ED8FC88080>> = <a03.LinkedList object at 0x000001ED8FC88080>.len

test_student.py:21: AssertionError
___________________________________________________ test_s_remove_1 ___________________________________________________

    def test_s_remove_1():
        l = LinkedList()
        l.push(5)
        l.push(6)
    
>       l.remove(5)
E       AttributeError: 'LinkedList' object has no attribute 'remove'

test_student.py:28: AttributeError
___________________________________________________ test_s_remove_2 ___________________________________________________

    def test_s_remove_2():
        l = LinkedList()
        l.push(5)
        l.push(6)
    
>       l.remove(19)
E       AttributeError: 'LinkedList' object has no attribute 'remove'

test_student.py:49: AttributeError
____________________________________________________ test_s_get_1 _____________________________________________________

    def test_s_get_1():
        l = LinkedList()
        l.push(10)
        l.push(11)
        l.push(12)
>       assert l.get(0) == 10
E       assert None == 10
E        +  where None = <bound method LinkedList.get of <a03.LinkedList object at 0x000001ED8FCB24E0>>(0)
E        +    where <bound method LinkedList.get of <a03.LinkedList object at 0x000001ED8FCB24E0>> = <a03.LinkedList object at 0x000001ED8FCB24E0>.get

test_student.py:59: AssertionError
____________________________________________________ test_s_get_2 _____________________________________________________

    def test_s_get_2():
        l = LinkedList()
        l.push(10)
        l.push(11)
        l.push(12)
>       assert l.get(1) == 11

test_student.py:67: 
_ _ _ _ _ _ _ _ _ _ _ _ _ _ _ _ _ _ _ _ _ _ _ _ _ _ _ _ _ _ _ _ _ _ _ _ _ _ _ _ _ _ _ _ _ _ _ _ _ _ _ _ _ _ _ _ _ _ _ _

self = <a03.LinkedList object at 0x000001ED8FC88748>, index = 1

    def get(self,index):
        self.index = index
        temp = self.head
    
        if index > self.len():
>           raise IndexError("Index doesn't exist")
E           IndexError: Index doesn't exist

a03.py:55: IndexError
========================================= 7 failed, 1 passed in 0.22 seconds ==========================================
================================================= test session starts =================================================
platform win32 -- Python 3.7.3, pytest-4.3.1, py-1.8.0, pluggy-0.9.0
rootdir: C:\Users\Owner\Downloads\assignment3, inifile:
plugins: timeout-1.3.3, remotedata-0.3.1, openfiles-0.3.2, doctestplus-0.3.0, arraydiff-0.3
timeout: 3.0s
timeout method: thread
timeout func_only: False
collected 8 items

test_student.py FFFFFFF.                                                                                         [100%]

====================================================== FAILURES =======================================================
____________________________________________________ test_s_len_1 _____________________________________________________

    def test_s_len_1():
        l = LinkedList()
        l.push(5)
        l.push(6)
    
>       assert l.len() == 2
E       assert 0 == 2
E        +  where 0 = <bound method LinkedList.len of <a03.LinkedList object at 0x00000241C6680CF8>>()
E        +    where <bound method LinkedList.len of <a03.LinkedList object at 0x00000241C6680CF8>> = <a03.LinkedList object at 0x00000241C6680CF8>.len

test_student.py:9: AssertionError
____________________________________________________ test_s_len_2 _____________________________________________________

    def test_s_len_2():
        l = LinkedList()
>       assert l.len() == 0

test_student.py:13: 
_ _ _ _ _ _ _ _ _ _ _ _ _ _ _ _ _ _ _ _ _ _ _ _ _ _ _ _ _ _ _ _ _ _ _ _ _ _ _ _ _ _ _ _ _ _ _ _ _ _ _ _ _ _ _ _ _ _ _ _

self = <a03.LinkedList object at 0x00000241C6680F28>

    def len(self):
    
        temp = self.head
        counter = 0
>       while temp.next is not None:
E       AttributeError: 'NoneType' object has no attribute 'next'

a03.py:44: AttributeError
____________________________________________________ test_s_len_3 _____________________________________________________

    def test_s_len_3():
        l = LinkedList()
        l.push(5)
        l.push(2)
        l.pop()
    
>       assert l.len() == 1
E       assert 0 == 1
E        +  where 0 = <bound method LinkedList.len of <a03.LinkedList object at 0x00000241C66D8048>>()
E        +    where <bound method LinkedList.len of <a03.LinkedList object at 0x00000241C66D8048>> = <a03.LinkedList object at 0x00000241C66D8048>.len

test_student.py:21: AssertionError
___________________________________________________ test_s_remove_1 ___________________________________________________

    def test_s_remove_1():
        l = LinkedList()
        l.push(5)
        l.push(6)
    
>       l.remove(5)
E       AttributeError: 'LinkedList' object has no attribute 'remove'

test_student.py:28: AttributeError
___________________________________________________ test_s_remove_2 ___________________________________________________

    def test_s_remove_2():
        l = LinkedList()
        l.push(5)
        l.push(6)
    
>       l.remove(19)
E       AttributeError: 'LinkedList' object has no attribute 'remove'

test_student.py:49: AttributeError
____________________________________________________ test_s_get_1 _____________________________________________________

    def test_s_get_1():
        l = LinkedList()
        l.push(10)
        l.push(11)
        l.push(12)
>       assert l.get(0) == 10
E       assert None == 10
E        +  where None = <bound method LinkedList.get of <a03.LinkedList object at 0x00000241C66D85C0>>(0)
E        +    where <bound method LinkedList.get of <a03.LinkedList object at 0x00000241C66D85C0>> = <a03.LinkedList object at 0x00000241C66D85C0>.get

test_student.py:59: AssertionError
____________________________________________________ test_s_get_2 _____________________________________________________

    def test_s_get_2():
        l = LinkedList()
        l.push(10)
        l.push(11)
        l.push(12)
>       assert l.get(1) == 11

test_student.py:67: 
_ _ _ _ _ _ _ _ _ _ _ _ _ _ _ _ _ _ _ _ _ _ _ _ _ _ _ _ _ _ _ _ _ _ _ _ _ _ _ _ _ _ _ _ _ _ _ _ _ _ _ _ _ _ _ _ _ _ _ _

self = <a03.LinkedList object at 0x00000241C6702358>, index = 1

    def get(self,index):
        self.index = index
        temp = self.head
    
        if index > self.len():
>           raise IndexError("Index out of bound")
E           IndexError: Index out of bound

a03.py:55: IndexError
========================================= 7 failed, 1 passed in 0.35 seconds ==========================================
================================================= test session starts =================================================
platform win32 -- Python 3.7.3, pytest-4.3.1, py-1.8.0, pluggy-0.9.0
rootdir: C:\Users\Owner\Downloads\assignment3, inifile:
plugins: timeout-1.3.3, remotedata-0.3.1, openfiles-0.3.2, doctestplus-0.3.0, arraydiff-0.3
timeout: 3.0s
timeout method: thread
timeout func_only: False
collected 8 items

test_student.py FFFFFFF.                                                                                         [100%]

====================================================== FAILURES =======================================================
____________________________________________________ test_s_len_1 _____________________________________________________

    def test_s_len_1():
        l = LinkedList()
        l.push(5)
        l.push(6)
    
>       assert l.len() == 2
E       assert 0 == 2
E        +  where 0 = <bound method LinkedList.len of <a03.LinkedList object at 0x0000024E78902B38>>()
E        +    where <bound method LinkedList.len of <a03.LinkedList object at 0x0000024E78902B38>> = <a03.LinkedList object at 0x0000024E78902B38>.len

test_student.py:9: AssertionError
____________________________________________________ test_s_len_2 _____________________________________________________

    def test_s_len_2():
        l = LinkedList()
>       assert l.len() == 0

test_student.py:13: 
_ _ _ _ _ _ _ _ _ _ _ _ _ _ _ _ _ _ _ _ _ _ _ _ _ _ _ _ _ _ _ _ _ _ _ _ _ _ _ _ _ _ _ _ _ _ _ _ _ _ _ _ _ _ _ _ _ _ _ _

self = <a03.LinkedList object at 0x0000024E78902CF8>

    def len(self):
    
        temp = self.head
        counter = 0
>       while temp.next is not None:
E       AttributeError: 'NoneType' object has no attribute 'next'

a03.py:44: AttributeError
____________________________________________________ test_s_len_3 _____________________________________________________

    def test_s_len_3():
        l = LinkedList()
        l.push(5)
        l.push(2)
        l.pop()
    
>       assert l.len() == 1
E       assert 0 == 1
E        +  where 0 = <bound method LinkedList.len of <a03.LinkedList object at 0x0000024E789863C8>>()
E        +    where <bound method LinkedList.len of <a03.LinkedList object at 0x0000024E789863C8>> = <a03.LinkedList object at 0x0000024E789863C8>.len

test_student.py:21: AssertionError
___________________________________________________ test_s_remove_1 ___________________________________________________

    def test_s_remove_1():
        l = LinkedList()
        l.push(5)
        l.push(6)
    
>       l.remove(5)
E       AttributeError: 'LinkedList' object has no attribute 'remove'

test_student.py:28: AttributeError
___________________________________________________ test_s_remove_2 ___________________________________________________

    def test_s_remove_2():
        l = LinkedList()
        l.push(5)
        l.push(6)
    
>       l.remove(19)
E       AttributeError: 'LinkedList' object has no attribute 'remove'

test_student.py:49: AttributeError
____________________________________________________ test_s_get_1 _____________________________________________________

    def test_s_get_1():
        l = LinkedList()
        l.push(10)
        l.push(11)
        l.push(12)
>       assert l.get(0) == 10
E       assert None == 10
E        +  where None = <bound method LinkedList.get of <a03.LinkedList object at 0x0000024E78986AC8>>(0)
E        +    where <bound method LinkedList.get of <a03.LinkedList object at 0x0000024E78986AC8>> = <a03.LinkedList object at 0x0000024E78986AC8>.get

test_student.py:59: AssertionError
____________________________________________________ test_s_get_2 _____________________________________________________

    def test_s_get_2():
        l = LinkedList()
        l.push(10)
        l.push(11)
        l.push(12)
>       assert l.get(1) == 11

test_student.py:67: 
_ _ _ _ _ _ _ _ _ _ _ _ _ _ _ _ _ _ _ _ _ _ _ _ _ _ _ _ _ _ _ _ _ _ _ _ _ _ _ _ _ _ _ _ _ _ _ _ _ _ _ _ _ _ _ _ _ _ _ _

self = <a03.LinkedList object at 0x0000024E789983C8>, index = 1

    def get(self,index):
        self.index = index
        temp = self.head
    
        if index > self.len():
>           raise IndexError("Index out of bound")
E           IndexError: Index out of bound

a03.py:55: IndexError
========================================= 7 failed, 1 passed in 0.33 seconds ==========================================
================================================= test session starts =================================================
platform win32 -- Python 3.7.3, pytest-4.3.1, py-1.8.0, pluggy-0.9.0
rootdir: C:\Users\Owner\Downloads\assignment3, inifile:
plugins: timeout-1.3.3, remotedata-0.3.1, openfiles-0.3.2, doctestplus-0.3.0, arraydiff-0.3
timeout: 3.0s
timeout method: thread
timeout func_only: False
collected 8 items

test_student.py FFFFFFF.                                                                                         [100%]

====================================================== FAILURES =======================================================
____________________________________________________ test_s_len_1 _____________________________________________________

    def test_s_len_1():
        l = LinkedList()
        l.push(5)
        l.push(6)
    
>       assert l.len() == 2
E       assert 0 == 2
E        +  where 0 = <bound method LinkedList.len of <a03.LinkedList object at 0x0000020AD5472C50>>()
E        +    where <bound method LinkedList.len of <a03.LinkedList object at 0x0000020AD5472C50>> = <a03.LinkedList object at 0x0000020AD5472C50>.len

test_student.py:9: AssertionError
------------------------------------------------ Captured stdout call -------------------------------------------------
0
____________________________________________________ test_s_len_2 _____________________________________________________

    def test_s_len_2():
        l = LinkedList()
>       assert l.len() == 0

test_student.py:13: 
_ _ _ _ _ _ _ _ _ _ _ _ _ _ _ _ _ _ _ _ _ _ _ _ _ _ _ _ _ _ _ _ _ _ _ _ _ _ _ _ _ _ _ _ _ _ _ _ _ _ _ _ _ _ _ _ _ _ _ _

self = <a03.LinkedList object at 0x0000020AD5472DA0>

    def len(self):
    
        cur = self.head
        total = 0
>       while cur.next != None:
E       AttributeError: 'NoneType' object has no attribute 'next'

a03.py:44: AttributeError
____________________________________________________ test_s_len_3 _____________________________________________________

    def test_s_len_3():
        l = LinkedList()
        l.push(5)
        l.push(2)
        l.pop()
    
>       assert l.len() == 1
E       assert 0 == 1
E        +  where 0 = <bound method LinkedList.len of <a03.LinkedList object at 0x0000020AD54E91D0>>()
E        +    where <bound method LinkedList.len of <a03.LinkedList object at 0x0000020AD54E91D0>> = <a03.LinkedList object at 0x0000020AD54E91D0>.len

test_student.py:21: AssertionError
------------------------------------------------ Captured stdout call -------------------------------------------------
0
___________________________________________________ test_s_remove_1 ___________________________________________________

    def test_s_remove_1():
        l = LinkedList()
        l.push(5)
        l.push(6)
    
>       l.remove(5)
E       AttributeError: 'LinkedList' object has no attribute 'remove'

test_student.py:28: AttributeError
___________________________________________________ test_s_remove_2 ___________________________________________________

    def test_s_remove_2():
        l = LinkedList()
        l.push(5)
        l.push(6)
    
>       l.remove(19)
E       AttributeError: 'LinkedList' object has no attribute 'remove'

test_student.py:49: AttributeError
____________________________________________________ test_s_get_1 _____________________________________________________

    def test_s_get_1():
        l = LinkedList()
        l.push(10)
        l.push(11)
        l.push(12)
>       assert l.get(0) == 10
E       assert None == 10
E        +  where None = <bound method LinkedList.get of <a03.LinkedList object at 0x0000020AD5508470>>(0)
E        +    where <bound method LinkedList.get of <a03.LinkedList object at 0x0000020AD5508470>> = <a03.LinkedList object at 0x0000020AD5508470>.get

test_student.py:59: AssertionError
------------------------------------------------ Captured stdout call -------------------------------------------------
0
____________________________________________________ test_s_get_2 _____________________________________________________

    def test_s_get_2():
        l = LinkedList()
        l.push(10)
        l.push(11)
        l.push(12)
>       assert l.get(1) == 11

test_student.py:67: 
_ _ _ _ _ _ _ _ _ _ _ _ _ _ _ _ _ _ _ _ _ _ _ _ _ _ _ _ _ _ _ _ _ _ _ _ _ _ _ _ _ _ _ _ _ _ _ _ _ _ _ _ _ _ _ _ _ _ _ _

self = <a03.LinkedList object at 0x0000020AD54F33C8>, index = 1

    def get(self,index):
        self.index = index
        temp = self.head
    
        if index > self.len():
>           raise IndexError("Index out of bound")
E           IndexError: Index out of bound

a03.py:55: IndexError
------------------------------------------------ Captured stdout call -------------------------------------------------
0
========================================= 7 failed, 1 passed in 0.29 seconds ==========================================
================================================= test session starts =================================================
platform win32 -- Python 3.7.3, pytest-4.3.1, py-1.8.0, pluggy-0.9.0
rootdir: C:\Users\Owner\Downloads\assignment3, inifile:
plugins: timeout-1.3.3, remotedata-0.3.1, openfiles-0.3.2, doctestplus-0.3.0, arraydiff-0.3
timeout: 3.0s
timeout method: thread
timeout func_only: False
collected 8 items

test_student.py FFFFFFF.                                                                                         [100%]

====================================================== FAILURES =======================================================
____________________________________________________ test_s_len_1 _____________________________________________________

    def test_s_len_1():
        l = LinkedList()
        l.push(5)
        l.push(6)
    
>       assert l.len() == 2
E       assert 0 == 2
E        +  where 0 = <bound method LinkedList.len of <a03.LinkedList object at 0x000001B1CC1D3A90>>()
E        +    where <bound method LinkedList.len of <a03.LinkedList object at 0x000001B1CC1D3A90>> = <a03.LinkedList object at 0x000001B1CC1D3A90>.len

test_student.py:9: AssertionError
____________________________________________________ test_s_len_2 _____________________________________________________

    def test_s_len_2():
        l = LinkedList()
>       assert l.len() == 0

test_student.py:13: 
_ _ _ _ _ _ _ _ _ _ _ _ _ _ _ _ _ _ _ _ _ _ _ _ _ _ _ _ _ _ _ _ _ _ _ _ _ _ _ _ _ _ _ _ _ _ _ _ _ _ _ _ _ _ _ _ _ _ _ _

self = <a03.LinkedList object at 0x000001B1CC1D3C50>

    def len(self):
    
        temp = self.head
        counter = 0
>       while temp.next is not None:
E       AttributeError: 'NoneType' object has no attribute 'next'

a03.py:44: AttributeError
____________________________________________________ test_s_len_3 _____________________________________________________

    def test_s_len_3():
        l = LinkedList()
        l.push(5)
        l.push(2)
        l.pop()
    
>       assert l.len() == 1
E       assert 0 == 1
E        +  where 0 = <bound method LinkedList.len of <a03.LinkedList object at 0x000001B1CC237240>>()
E        +    where <bound method LinkedList.len of <a03.LinkedList object at 0x000001B1CC237240>> = <a03.LinkedList object at 0x000001B1CC237240>.len

test_student.py:21: AssertionError
___________________________________________________ test_s_remove_1 ___________________________________________________

    def test_s_remove_1():
        l = LinkedList()
        l.push(5)
        l.push(6)
    
>       l.remove(5)
E       AttributeError: 'LinkedList' object has no attribute 'remove'

test_student.py:28: AttributeError
___________________________________________________ test_s_remove_2 ___________________________________________________

    def test_s_remove_2():
        l = LinkedList()
        l.push(5)
        l.push(6)
    
>       l.remove(19)
E       AttributeError: 'LinkedList' object has no attribute 'remove'

test_student.py:49: AttributeError
____________________________________________________ test_s_get_1 _____________________________________________________

    def test_s_get_1():
        l = LinkedList()
        l.push(10)
        l.push(11)
        l.push(12)
>       assert l.get(0) == 10
E       assert None == 10
E        +  where None = <bound method LinkedList.get of <a03.LinkedList object at 0x000001B1CC237908>>(0)
E        +    where <bound method LinkedList.get of <a03.LinkedList object at 0x000001B1CC237908>> = <a03.LinkedList object at 0x000001B1CC237908>.get

test_student.py:59: AssertionError
____________________________________________________ test_s_get_2 _____________________________________________________

    def test_s_get_2():
        l = LinkedList()
        l.push(10)
        l.push(11)
        l.push(12)
>       assert l.get(1) == 11

test_student.py:67: 
_ _ _ _ _ _ _ _ _ _ _ _ _ _ _ _ _ _ _ _ _ _ _ _ _ _ _ _ _ _ _ _ _ _ _ _ _ _ _ _ _ _ _ _ _ _ _ _ _ _ _ _ _ _ _ _ _ _ _ _

self = <a03.LinkedList object at 0x000001B1CC2426A0>, index = 1

    def get(self,index):
        self.index = index
        temp = self.head
    
        if index > self.len():
>           raise IndexError("Index out of bound")
E           IndexError: Index out of bound

a03.py:55: IndexError
========================================= 7 failed, 1 passed in 0.33 seconds ==========================================
================================================= test session starts =================================================
platform win32 -- Python 3.7.3, pytest-4.3.1, py-1.8.0, pluggy-0.9.0
rootdir: C:\Users\Owner\Downloads\assignment3, inifile:
plugins: timeout-1.3.3, remotedata-0.3.1, openfiles-0.3.2, doctestplus-0.3.0, arraydiff-0.3
timeout: 3.0s
timeout method: thread
timeout func_only: False
collected 8 items

test_student.py FFFFFFF.                                                                                         [100%]

====================================================== FAILURES =======================================================
____________________________________________________ test_s_len_1 _____________________________________________________

    def test_s_len_1():
        l = LinkedList()
        l.push(5)
        l.push(6)
    
>       assert l.len() == 2
E       assert 1 == 2
E        +  where 1 = <bound method LinkedList.len of <a03.LinkedList object at 0x000001D6298E0B70>>()
E        +    where <bound method LinkedList.len of <a03.LinkedList object at 0x000001D6298E0B70>> = <a03.LinkedList object at 0x000001D6298E0B70>.len

test_student.py:9: AssertionError
____________________________________________________ test_s_len_2 _____________________________________________________

    def test_s_len_2():
        l = LinkedList()
>       assert l.len() == 0

test_student.py:13: 
_ _ _ _ _ _ _ _ _ _ _ _ _ _ _ _ _ _ _ _ _ _ _ _ _ _ _ _ _ _ _ _ _ _ _ _ _ _ _ _ _ _ _ _ _ _ _ _ _ _ _ _ _ _ _ _ _ _ _ _

self = <a03.LinkedList object at 0x000001D6298E0D30>

    def len(self):
    
        temp = self.head
        counter = 0
>       while temp.next is not None:
E       AttributeError: 'NoneType' object has no attribute 'next'

a03.py:44: AttributeError
____________________________________________________ test_s_len_3 _____________________________________________________

    def test_s_len_3():
        l = LinkedList()
        l.push(5)
        l.push(2)
        l.pop()
    
>       assert l.len() == 1
E       assert 0 == 1
E        +  where 0 = <bound method LinkedList.len of <a03.LinkedList object at 0x000001D6299543C8>>()
E        +    where <bound method LinkedList.len of <a03.LinkedList object at 0x000001D6299543C8>> = <a03.LinkedList object at 0x000001D6299543C8>.len

test_student.py:21: AssertionError
___________________________________________________ test_s_remove_1 ___________________________________________________

    def test_s_remove_1():
        l = LinkedList()
        l.push(5)
        l.push(6)
    
>       l.remove(5)
E       AttributeError: 'LinkedList' object has no attribute 'remove'

test_student.py:28: AttributeError
___________________________________________________ test_s_remove_2 ___________________________________________________

    def test_s_remove_2():
        l = LinkedList()
        l.push(5)
        l.push(6)
    
>       l.remove(19)
E       AttributeError: 'LinkedList' object has no attribute 'remove'

test_student.py:49: AttributeError
____________________________________________________ test_s_get_1 _____________________________________________________

    def test_s_get_1():
        l = LinkedList()
        l.push(10)
        l.push(11)
        l.push(12)
>       assert l.get(0) == 10
E       assert 11 == 10
E        +  where 11 = <bound method LinkedList.get of <a03.LinkedList object at 0x000001D62993DB00>>(0)
E        +    where <bound method LinkedList.get of <a03.LinkedList object at 0x000001D62993DB00>> = <a03.LinkedList object at 0x000001D62993DB00>.get

test_student.py:59: AssertionError
____________________________________________________ test_s_get_2 _____________________________________________________

    def test_s_get_2():
        l = LinkedList()
        l.push(10)
        l.push(11)
        l.push(12)
>       assert l.get(1) == 11
E       assert None == 11
E        +  where None = <bound method LinkedList.get of <a03.LinkedList object at 0x000001D6299392B0>>(1)
E        +    where <bound method LinkedList.get of <a03.LinkedList object at 0x000001D6299392B0>> = <a03.LinkedList object at 0x000001D6299392B0>.get

test_student.py:67: AssertionError
========================================= 7 failed, 1 passed in 0.25 seconds ==========================================
================================================= test session starts =================================================
platform win32 -- Python 3.7.3, pytest-4.3.1, py-1.8.0, pluggy-0.9.0
rootdir: C:\Users\Owner\Downloads\assignment3, inifile:
plugins: timeout-1.3.3, remotedata-0.3.1, openfiles-0.3.2, doctestplus-0.3.0, arraydiff-0.3
timeout: 3.0s
timeout method: thread
timeout func_only: False
collected 8 items

test_student.py FFFFFFF.                                                                                         [100%]

====================================================== FAILURES =======================================================
____________________________________________________ test_s_len_1 _____________________________________________________

    def test_s_len_1():
        l = LinkedList()
        l.push(5)
        l.push(6)
    
>       assert l.len() == 2
E       assert 1 == 2
E        +  where 1 = <bound method LinkedList.len of <a03.LinkedList object at 0x000001F8E2F31BA8>>()
E        +    where <bound method LinkedList.len of <a03.LinkedList object at 0x000001F8E2F31BA8>> = <a03.LinkedList object at 0x000001F8E2F31BA8>.len

test_student.py:9: AssertionError
____________________________________________________ test_s_len_2 _____________________________________________________

    def test_s_len_2():
        l = LinkedList()
>       assert l.len() == 0

test_student.py:13: 
_ _ _ _ _ _ _ _ _ _ _ _ _ _ _ _ _ _ _ _ _ _ _ _ _ _ _ _ _ _ _ _ _ _ _ _ _ _ _ _ _ _ _ _ _ _ _ _ _ _ _ _ _ _ _ _ _ _ _ _

self = <a03.LinkedList object at 0x000001F8E2F31DA0>

    def len(self):
    
        temp = self.head
        counter = 0
>       while temp.next is not None:
E       AttributeError: 'NoneType' object has no attribute 'next'

a03.py:44: AttributeError
____________________________________________________ test_s_len_3 _____________________________________________________

    def test_s_len_3():
        l = LinkedList()
        l.push(5)
        l.push(2)
        l.pop()
    
>       assert l.len() == 1
E       assert 0 == 1
E        +  where 0 = <bound method LinkedList.len of <a03.LinkedList object at 0x000001F8E2F482B0>>()
E        +    where <bound method LinkedList.len of <a03.LinkedList object at 0x000001F8E2F482B0>> = <a03.LinkedList object at 0x000001F8E2F482B0>.len

test_student.py:21: AssertionError
___________________________________________________ test_s_remove_1 ___________________________________________________

    def test_s_remove_1():
        l = LinkedList()
        l.push(5)
        l.push(6)
    
>       l.remove(5)
E       AttributeError: 'LinkedList' object has no attribute 'remove'

test_student.py:28: AttributeError
___________________________________________________ test_s_remove_2 ___________________________________________________

    def test_s_remove_2():
        l = LinkedList()
        l.push(5)
        l.push(6)
    
>       l.remove(19)
E       AttributeError: 'LinkedList' object has no attribute 'remove'

test_student.py:49: AttributeError
____________________________________________________ test_s_get_1 _____________________________________________________

    def test_s_get_1():
        l = LinkedList()
        l.push(10)
        l.push(11)
        l.push(12)
>       assert l.get(0) == 10
E       assert 11 == 10
E        +  where 11 = <bound method LinkedList.get of <a03.LinkedList object at 0x000001F8E2FA2438>>(0)
E        +    where <bound method LinkedList.get of <a03.LinkedList object at 0x000001F8E2FA2438>> = <a03.LinkedList object at 0x000001F8E2FA2438>.get

test_student.py:59: AssertionError
____________________________________________________ test_s_get_2 _____________________________________________________

    def test_s_get_2():
        l = LinkedList()
        l.push(10)
        l.push(11)
        l.push(12)
>       assert l.get(1) == 11
E       assert None == 11
E        +  where None = <bound method LinkedList.get of <a03.LinkedList object at 0x000001F8E2F904A8>>(1)
E        +    where <bound method LinkedList.get of <a03.LinkedList object at 0x000001F8E2F904A8>> = <a03.LinkedList object at 0x000001F8E2F904A8>.get

test_student.py:67: AssertionError
========================================= 7 failed, 1 passed in 0.22 seconds ==========================================
================================================= test session starts =================================================
platform win32 -- Python 3.7.3, pytest-4.3.1, py-1.8.0, pluggy-0.9.0
rootdir: C:\Users\Owner\Downloads\assignment3, inifile:
plugins: timeout-1.3.3, remotedata-0.3.1, openfiles-0.3.2, doctestplus-0.3.0, arraydiff-0.3
timeout: 3.0s
timeout method: thread
timeout func_only: False
collected 8 items

test_student.py FFFFFFF.                                                                                         [100%]

====================================================== FAILURES =======================================================
____________________________________________________ test_s_len_1 _____________________________________________________

    def test_s_len_1():
        l = LinkedList()
        l.push(5)
        l.push(6)
    
>       assert l.len() == 2
E       assert 1 == 2
E        +  where 1 = <bound method LinkedList.len of <a03.LinkedList object at 0x00000299CC5B29B0>>()
E        +    where <bound method LinkedList.len of <a03.LinkedList object at 0x00000299CC5B29B0>> = <a03.LinkedList object at 0x00000299CC5B29B0>.len

test_student.py:9: AssertionError
____________________________________________________ test_s_len_2 _____________________________________________________

    def test_s_len_2():
        l = LinkedList()
>       assert l.len() == 0

test_student.py:13: 
_ _ _ _ _ _ _ _ _ _ _ _ _ _ _ _ _ _ _ _ _ _ _ _ _ _ _ _ _ _ _ _ _ _ _ _ _ _ _ _ _ _ _ _ _ _ _ _ _ _ _ _ _ _ _ _ _ _ _ _

self = <a03.LinkedList object at 0x00000299CC5B2BE0>

    def len(self):
    
        temp = self.head
        counter = 0
>       while temp.next is not None:
E       AttributeError: 'NoneType' object has no attribute 'next'

a03.py:44: AttributeError
____________________________________________________ test_s_len_3 _____________________________________________________

    def test_s_len_3():
        l = LinkedList()
        l.push(5)
        l.push(2)
        l.pop()
    
>       assert l.len() == 1
E       assert 0 == 1
E        +  where 0 = <bound method LinkedList.len of <a03.LinkedList object at 0x00000299CC609208>>()
E        +    where <bound method LinkedList.len of <a03.LinkedList object at 0x00000299CC609208>> = <a03.LinkedList object at 0x00000299CC609208>.len

test_student.py:21: AssertionError
___________________________________________________ test_s_remove_1 ___________________________________________________

    def test_s_remove_1():
        l = LinkedList()
        l.push(5)
        l.push(6)
    
>       l.remove(5)
E       AttributeError: 'LinkedList' object has no attribute 'remove'

test_student.py:28: AttributeError
___________________________________________________ test_s_remove_2 ___________________________________________________

    def test_s_remove_2():
        l = LinkedList()
        l.push(5)
        l.push(6)
    
>       l.remove(19)
E       AttributeError: 'LinkedList' object has no attribute 'remove'

test_student.py:49: AttributeError
____________________________________________________ test_s_get_1 _____________________________________________________

    def test_s_get_1():
        l = LinkedList()
        l.push(10)
        l.push(11)
        l.push(12)
>       assert l.get(0) == 10
E       assert 11 == 10
E        +  where 11 = <bound method LinkedList.get of <a03.LinkedList object at 0x00000299CC609B00>>(0)
E        +    where <bound method LinkedList.get of <a03.LinkedList object at 0x00000299CC609B00>> = <a03.LinkedList object at 0x00000299CC609B00>.get

test_student.py:59: AssertionError
____________________________________________________ test_s_get_2 _____________________________________________________

    def test_s_get_2():
        l = LinkedList()
        l.push(10)
        l.push(11)
        l.push(12)
>       assert l.get(1) == 11
E       assert None == 11
E        +  where None = <bound method LinkedList.get of <a03.LinkedList object at 0x00000299CC604358>>(1)
E        +    where <bound method LinkedList.get of <a03.LinkedList object at 0x00000299CC604358>> = <a03.LinkedList object at 0x00000299CC604358>.get

test_student.py:67: AssertionError
========================================= 7 failed, 1 passed in 0.20 seconds ==========================================
================================================= test session starts =================================================
platform win32 -- Python 3.7.3, pytest-4.3.1, py-1.8.0, pluggy-0.9.0
rootdir: C:\Users\Owner\Downloads\assignment3, inifile:
plugins: timeout-1.3.3, remotedata-0.3.1, openfiles-0.3.2, doctestplus-0.3.0, arraydiff-0.3
timeout: 3.0s
timeout method: thread
timeout func_only: False
collected 8 items

test_student.py FFFFFFF.                                                                                         [100%]

====================================================== FAILURES =======================================================
____________________________________________________ test_s_len_1 _____________________________________________________

    def test_s_len_1():
        l = LinkedList()
        l.push(5)
        l.push(6)
    
>       assert l.len() == 2
E       assert 1 == 2
E        +  where 1 = <bound method LinkedList.len of <a03.LinkedList object at 0x00000176FA172B38>>()
E        +    where <bound method LinkedList.len of <a03.LinkedList object at 0x00000176FA172B38>> = <a03.LinkedList object at 0x00000176FA172B38>.len

test_student.py:9: AssertionError
____________________________________________________ test_s_len_2 _____________________________________________________

    def test_s_len_2():
        l = LinkedList()
>       assert l.len() == 0

test_student.py:13: 
_ _ _ _ _ _ _ _ _ _ _ _ _ _ _ _ _ _ _ _ _ _ _ _ _ _ _ _ _ _ _ _ _ _ _ _ _ _ _ _ _ _ _ _ _ _ _ _ _ _ _ _ _ _ _ _ _ _ _ _

self = <a03.LinkedList object at 0x00000176FA172CC0>

    def len(self):
    
        temp = self.head
        counter = 0
>       while temp.next is not None:
E       AttributeError: 'NoneType' object has no attribute 'next'

a03.py:44: AttributeError
____________________________________________________ test_s_len_3 _____________________________________________________

    def test_s_len_3():
        l = LinkedList()
        l.push(5)
        l.push(2)
        l.pop()
    
>       assert l.len() == 1
E       assert 0 == 1
E        +  where 0 = <bound method LinkedList.len of <a03.LinkedList object at 0x00000176FA1892E8>>()
E        +    where <bound method LinkedList.len of <a03.LinkedList object at 0x00000176FA1892E8>> = <a03.LinkedList object at 0x00000176FA1892E8>.len

test_student.py:21: AssertionError
___________________________________________________ test_s_remove_1 ___________________________________________________

    def test_s_remove_1():
        l = LinkedList()
        l.push(5)
        l.push(6)
    
        l.remove(5)
        m = '[6]'
>       assert str(l).strip() == m
E       AssertionError: assert '[5,6]' == '[6]'
E         - [5,6]
E         ?  --
E         + [6]

test_student.py:30: AssertionError
___________________________________________________ test_s_remove_2 ___________________________________________________

    def test_s_remove_2():
        l = LinkedList()
        l.push(5)
        l.push(6)
    
        l.remove(19)
        m = '[5, 6]'
>       assert str(l).strip() == m
E       AssertionError: assert '[5,6]' == '[5, 6]'
E         - [5,6]
E         + [5, 6]
E         ?    +

test_student.py:51: AssertionError
____________________________________________________ test_s_get_1 _____________________________________________________

    def test_s_get_1():
        l = LinkedList()
        l.push(10)
        l.push(11)
        l.push(12)
>       assert l.get(0) == 10
E       assert 11 == 10
E        +  where 11 = <bound method LinkedList.get of <a03.LinkedList object at 0x00000176FA1E8320>>(0)
E        +    where <bound method LinkedList.get of <a03.LinkedList object at 0x00000176FA1E8320>> = <a03.LinkedList object at 0x00000176FA1E8320>.get

test_student.py:59: AssertionError
____________________________________________________ test_s_get_2 _____________________________________________________

    def test_s_get_2():
        l = LinkedList()
        l.push(10)
        l.push(11)
        l.push(12)
>       assert l.get(1) == 11
E       assert None == 11
E        +  where None = <bound method LinkedList.get of <a03.LinkedList object at 0x00000176FA1DA4A8>>(1)
E        +    where <bound method LinkedList.get of <a03.LinkedList object at 0x00000176FA1DA4A8>> = <a03.LinkedList object at 0x00000176FA1DA4A8>.get

test_student.py:67: AssertionError
========================================= 7 failed, 1 passed in 0.22 seconds ==========================================
================================================= test session starts =================================================
platform win32 -- Python 3.7.3, pytest-4.3.1, py-1.8.0, pluggy-0.9.0
rootdir: C:\Users\Owner\Downloads\assignment3, inifile:
plugins: timeout-1.3.3, remotedata-0.3.1, openfiles-0.3.2, doctestplus-0.3.0, arraydiff-0.3
timeout: 3.0s
timeout method: thread
timeout func_only: False
collected 8 items

test_student.py FFFFFFF.                                                                                         [100%]

====================================================== FAILURES =======================================================
____________________________________________________ test_s_len_1 _____________________________________________________

    def test_s_len_1():
        l = LinkedList()
        l.push(5)
        l.push(6)
    
>       assert l.len() == 2
E       assert 1 == 2
E        +  where 1 = <bound method LinkedList.len of <a03.LinkedList object at 0x0000011CD0E82BE0>>()
E        +    where <bound method LinkedList.len of <a03.LinkedList object at 0x0000011CD0E82BE0>> = <a03.LinkedList object at 0x0000011CD0E82BE0>.len

test_student.py:9: AssertionError
____________________________________________________ test_s_len_2 _____________________________________________________

    def test_s_len_2():
        l = LinkedList()
>       assert l.len() == 0

test_student.py:13: 
_ _ _ _ _ _ _ _ _ _ _ _ _ _ _ _ _ _ _ _ _ _ _ _ _ _ _ _ _ _ _ _ _ _ _ _ _ _ _ _ _ _ _ _ _ _ _ _ _ _ _ _ _ _ _ _ _ _ _ _

self = <a03.LinkedList object at 0x0000011CD0E82DA0>

    def len(self):
    
        temp = self.head
        counter = 0
>       while temp.next is not None:
E       AttributeError: 'NoneType' object has no attribute 'next'

a03.py:44: AttributeError
____________________________________________________ test_s_len_3 _____________________________________________________

    def test_s_len_3():
        l = LinkedList()
        l.push(5)
        l.push(2)
        l.pop()
    
>       assert l.len() == 1
E       assert 0 == 1
E        +  where 0 = <bound method LinkedList.len of <a03.LinkedList object at 0x0000011CD0E98320>>()
E        +    where <bound method LinkedList.len of <a03.LinkedList object at 0x0000011CD0E98320>> = <a03.LinkedList object at 0x0000011CD0E98320>.len

test_student.py:21: AssertionError
___________________________________________________ test_s_remove_1 ___________________________________________________

    def test_s_remove_1():
        l = LinkedList()
        l.push(5)
        l.push(6)
    
        l.remove(5)
        m = '[6]'
>       assert str(l).strip() == m
E       AssertionError: assert '[5,6]' == '[6]'
E         - [5,6]
E         ?  --
E         + [6]

test_student.py:30: AssertionError
___________________________________________________ test_s_remove_2 ___________________________________________________

    def test_s_remove_2():
        l = LinkedList()
        l.push(5)
        l.push(6)
    
        l.remove(19)
        m = '[5, 6]'
>       assert str(l).strip() == m
E       AssertionError: assert '[5,6]' == '[5, 6]'
E         - [5,6]
E         + [5, 6]
E         ?    +

test_student.py:51: AssertionError
____________________________________________________ test_s_get_1 _____________________________________________________

    def test_s_get_1():
        l = LinkedList()
        l.push(10)
        l.push(11)
        l.push(12)
>       assert l.get(0) == 10
E       assert 11 == 10
E        +  where 11 = <bound method LinkedList.get of <a03.LinkedList object at 0x0000011CD0E98828>>(0)
E        +    where <bound method LinkedList.get of <a03.LinkedList object at 0x0000011CD0E98828>> = <a03.LinkedList object at 0x0000011CD0E98828>.get

test_student.py:59: AssertionError
____________________________________________________ test_s_get_2 _____________________________________________________

    def test_s_get_2():
        l = LinkedList()
        l.push(10)
        l.push(11)
        l.push(12)
>       assert l.get(1) == 11
E       assert None == 11
E        +  where None = <bound method LinkedList.get of <a03.LinkedList object at 0x0000011CD0EF1358>>(1)
E        +    where <bound method LinkedList.get of <a03.LinkedList object at 0x0000011CD0EF1358>> = <a03.LinkedList object at 0x0000011CD0EF1358>.get

test_student.py:67: AssertionError
========================================= 7 failed, 1 passed in 0.43 seconds ==========================================
================================================= test session starts =================================================
platform win32 -- Python 3.7.3, pytest-4.3.1, py-1.8.0, pluggy-0.9.0
rootdir: C:\Users\Owner\Downloads\assignment3, inifile:
plugins: timeout-1.3.3, remotedata-0.3.1, openfiles-0.3.2, doctestplus-0.3.0, arraydiff-0.3
timeout: 3.0s
timeout method: thread
timeout func_only: False
collected 8 items

test_student.py FFFFFFF.                                                                                         [100%]

====================================================== FAILURES =======================================================
____________________________________________________ test_s_len_1 _____________________________________________________

    def test_s_len_1():
        l = LinkedList()
        l.push(5)
        l.push(6)
    
>       assert l.len() == 2
E       assert 1 == 2
E        +  where 1 = <bound method LinkedList.len of <a03.LinkedList object at 0x000001B201322BA8>>()
E        +    where <bound method LinkedList.len of <a03.LinkedList object at 0x000001B201322BA8>> = <a03.LinkedList object at 0x000001B201322BA8>.len

test_student.py:9: AssertionError
____________________________________________________ test_s_len_2 _____________________________________________________

    def test_s_len_2():
        l = LinkedList()
>       assert l.len() == 0

test_student.py:13: 
_ _ _ _ _ _ _ _ _ _ _ _ _ _ _ _ _ _ _ _ _ _ _ _ _ _ _ _ _ _ _ _ _ _ _ _ _ _ _ _ _ _ _ _ _ _ _ _ _ _ _ _ _ _ _ _ _ _ _ _

self = <a03.LinkedList object at 0x000001B201322DA0>

    def len(self):
    
        temp = self.head
        counter = 0
>       while temp.next is not None:
E       AttributeError: 'NoneType' object has no attribute 'next'

a03.py:44: AttributeError
____________________________________________________ test_s_len_3 _____________________________________________________

    def test_s_len_3():
        l = LinkedList()
        l.push(5)
        l.push(2)
        l.pop()
    
>       assert l.len() == 1
E       assert 0 == 1
E        +  where 0 = <bound method LinkedList.len of <a03.LinkedList object at 0x000001B201339358>>()
E        +    where <bound method LinkedList.len of <a03.LinkedList object at 0x000001B201339358>> = <a03.LinkedList object at 0x000001B201339358>.len

test_student.py:21: AssertionError
___________________________________________________ test_s_remove_1 ___________________________________________________

    def test_s_remove_1():
        l = LinkedList()
        l.push(5)
        l.push(6)
    
        l.remove(5)
        m = '[6]'
>       assert str(l).strip() == m
E       AssertionError: assert '[5,6]' == '[6]'
E         - [5,6]
E         ?  --
E         + [6]

test_student.py:30: AssertionError
___________________________________________________ test_s_remove_2 ___________________________________________________

    def test_s_remove_2():
        l = LinkedList()
        l.push(5)
        l.push(6)
    
        l.remove(19)
        m = '[5, 6]'
>       assert str(l).strip() == m
E       AssertionError: assert '[5]' == '[5, 6]'
E         - [5]
E         + [5, 6]

test_student.py:51: AssertionError
____________________________________________________ test_s_get_1 _____________________________________________________

    def test_s_get_1():
        l = LinkedList()
        l.push(10)
        l.push(11)
        l.push(12)
>       assert l.get(0) == 10
E       assert 11 == 10
E        +  where 11 = <bound method LinkedList.get of <a03.LinkedList object at 0x000001B201395390>>(0)
E        +    where <bound method LinkedList.get of <a03.LinkedList object at 0x000001B201395390>> = <a03.LinkedList object at 0x000001B201395390>.get

test_student.py:59: AssertionError
____________________________________________________ test_s_get_2 _____________________________________________________

    def test_s_get_2():
        l = LinkedList()
        l.push(10)
        l.push(11)
        l.push(12)
>       assert l.get(1) == 11
E       assert None == 11
E        +  where None = <bound method LinkedList.get of <a03.LinkedList object at 0x000001B20138B2B0>>(1)
E        +    where <bound method LinkedList.get of <a03.LinkedList object at 0x000001B20138B2B0>> = <a03.LinkedList object at 0x000001B20138B2B0>.get

test_student.py:67: AssertionError
========================================= 7 failed, 1 passed in 0.24 seconds ==========================================
========================================================================= test session starts =========================================================================
platform win32 -- Python 3.7.3, pytest-4.3.1, py-1.8.0, pluggy-0.9.0
rootdir: C:\Users\Owner\Downloads\assignment3, inifile:
plugins: timeout-1.3.3, remotedata-0.3.1, openfiles-0.3.2, doctestplus-0.3.0, arraydiff-0.3
timeout: 3.0s
timeout method: thread
timeout func_only: False
collected 8 items

test_student.py FFFFFFF.                                                                                                                                         [100%]

============================================================================== FAILURES ===============================================================================
____________________________________________________________________________ test_s_len_1 _____________________________________________________________________________

    def test_s_len_1():
        l = LinkedList()
        l.push(5)
        l.push(6)
    
>       assert l.len() == 2
E       assert 0 == 2
E        +  where 0 = <bound method LinkedList.len of <a03.LinkedList object at 0x00000223338C2C88>>()
E        +    where <bound method LinkedList.len of <a03.LinkedList object at 0x00000223338C2C88>> = <a03.LinkedList object at 0x00000223338C2C88>.len

test_student.py:9: AssertionError
____________________________________________________________________________ test_s_len_2 _____________________________________________________________________________

    def test_s_len_2():
        l = LinkedList()
>       assert l.len() == 0

test_student.py:13: 
_ _ _ _ _ _ _ _ _ _ _ _ _ _ _ _ _ _ _ _ _ _ _ _ _ _ _ _ _ _ _ _ _ _ _ _ _ _ _ _ _ _ _ _ _ _ _ _ _ _ _ _ _ _ _ _ _ _ _ _ _ _ _ _ _ _ _ _ _ _ _ _ _ _ _ _ _ _ _ _ _ _ _ _

self = <a03.LinkedList object at 0x00000223338C2588>

    def len(self):
    
        temp = self.head
        counter = 0
>       while temp.next is  None:
E       AttributeError: 'NoneType' object has no attribute 'next'

a03.py:44: AttributeError
____________________________________________________________________________ test_s_len_3 _____________________________________________________________________________

    def test_s_len_3():
        l = LinkedList()
        l.push(5)
        l.push(2)
        l.pop()
    
>       assert l.len() == 1

test_student.py:21: 
_ _ _ _ _ _ _ _ _ _ _ _ _ _ _ _ _ _ _ _ _ _ _ _ _ _ _ _ _ _ _ _ _ _ _ _ _ _ _ _ _ _ _ _ _ _ _ _ _ _ _ _ _ _ _ _ _ _ _ _ _ _ _ _ _ _ _ _ _ _ _ _ _ _ _ _ _ _ _ _ _ _ _ _

self = <a03.LinkedList object at 0x00000223339181D0>

    def len(self):
    
        temp = self.head
        counter = 0
>       while temp.next is  None:
E       AttributeError: 'NoneType' object has no attribute 'next'

a03.py:44: AttributeError
___________________________________________________________________________ test_s_remove_1 ___________________________________________________________________________

    def test_s_remove_1():
        l = LinkedList()
        l.push(5)
        l.push(6)
    
        l.remove(5)
        m = '[6]'
>       assert str(l).strip() == m
E       AssertionError: assert '[5,6]' == '[6]'
E         - [5,6]
E         ?  --
E         + [6]

test_student.py:30: AssertionError
___________________________________________________________________________ test_s_remove_2 ___________________________________________________________________________

    def test_s_remove_2():
        l = LinkedList()
        l.push(5)
        l.push(6)
    
        l.remove(19)
        m = '[5, 6]'
>       assert str(l).strip() == m
E       AssertionError: assert '[5]' == '[5, 6]'
E         - [5]
E         + [5, 6]

test_student.py:51: AssertionError
____________________________________________________________________________ test_s_get_1 _____________________________________________________________________________

    def test_s_get_1():
        l = LinkedList()
        l.push(10)
        l.push(11)
        l.push(12)
>       assert l.get(0) == 10
E       assert None == 10
E        +  where None = <bound method LinkedList.get of <a03.LinkedList object at 0x000002233391D390>>(0)
E        +    where <bound method LinkedList.get of <a03.LinkedList object at 0x000002233391D390>> = <a03.LinkedList object at 0x000002233391D390>.get

test_student.py:59: AssertionError
____________________________________________________________________________ test_s_get_2 _____________________________________________________________________________

    def test_s_get_2():
        l = LinkedList()
        l.push(10)
        l.push(11)
        l.push(12)
>       assert l.get(1) == 11

test_student.py:67: 
_ _ _ _ _ _ _ _ _ _ _ _ _ _ _ _ _ _ _ _ _ _ _ _ _ _ _ _ _ _ _ _ _ _ _ _ _ _ _ _ _ _ _ _ _ _ _ _ _ _ _ _ _ _ _ _ _ _ _ _ _ _ _ _ _ _ _ _ _ _ _ _ _ _ _ _ _ _ _ _ _ _ _ _

self = <a03.LinkedList object at 0x000002233393A390>, index = 1

    def get(self,index):
        self.index = index
        temp = self.head
    
        if index > self.len():
>           raise IndexError("Index out of bound")
E           IndexError: Index out of bound

a03.py:55: IndexError
================================================================= 7 failed, 1 passed in 0.30 seconds ==================================================================
========================================================================= test session starts =========================================================================
platform win32 -- Python 3.7.3, pytest-4.3.1, py-1.8.0, pluggy-0.9.0
rootdir: C:\Users\Owner\Downloads\assignment3, inifile:
plugins: timeout-1.3.3, remotedata-0.3.1, openfiles-0.3.2, doctestplus-0.3.0, arraydiff-0.3
timeout: 3.0s
timeout method: thread
timeout func_only: False
collected 8 items

test_student.py FFFFFFF.                                                                                                                                         [100%]

============================================================================== FAILURES ===============================================================================
____________________________________________________________________________ test_s_len_1 _____________________________________________________________________________

    def test_s_len_1():
        l = LinkedList()
        l.push(5)
        l.push(6)
    
>       assert l.len() == 2
E       assert 0 == 2
E        +  where 0 = <bound method LinkedList.len of <a03.LinkedList object at 0x000001FAF76FDD68>>()
E        +    where <bound method LinkedList.len of <a03.LinkedList object at 0x000001FAF76FDD68>> = <a03.LinkedList object at 0x000001FAF76FDD68>.len

test_student.py:9: AssertionError
____________________________________________________________________________ test_s_len_2 _____________________________________________________________________________

    def test_s_len_2():
        l = LinkedList()
>       assert l.len() == 0

test_student.py:13: 
_ _ _ _ _ _ _ _ _ _ _ _ _ _ _ _ _ _ _ _ _ _ _ _ _ _ _ _ _ _ _ _ _ _ _ _ _ _ _ _ _ _ _ _ _ _ _ _ _ _ _ _ _ _ _ _ _ _ _ _ _ _ _ _ _ _ _ _ _ _ _ _ _ _ _ _ _ _ _ _ _ _ _ _

self = <a03.LinkedList object at 0x000001FAF76FDC50>

    def len(self):
    
        temp = self.head
        counter = 0
>       while temp.next is  None:
E       AttributeError: 'NoneType' object has no attribute 'next'

a03.py:44: AttributeError
____________________________________________________________________________ test_s_len_3 _____________________________________________________________________________

    def test_s_len_3():
        l = LinkedList()
        l.push(5)
        l.push(2)
        l.pop()
    
>       assert l.len() == 1

test_student.py:21: 
_ _ _ _ _ _ _ _ _ _ _ _ _ _ _ _ _ _ _ _ _ _ _ _ _ _ _ _ _ _ _ _ _ _ _ _ _ _ _ _ _ _ _ _ _ _ _ _ _ _ _ _ _ _ _ _ _ _ _ _ _ _ _ _ _ _ _ _ _ _ _ _ _ _ _ _ _ _ _ _ _ _ _ _

self = <a03.LinkedList object at 0x000001FAF7758160>

    def len(self):
    
        temp = self.head
        counter = 0
>       while temp.next is  None:
E       AttributeError: 'NoneType' object has no attribute 'next'

a03.py:44: AttributeError
___________________________________________________________________________ test_s_remove_1 ___________________________________________________________________________

    def test_s_remove_1():
        l = LinkedList()
        l.push(5)
        l.push(6)
    
        l.remove(5)
        m = '[6]'
>       assert str(l).strip() == m
E       AssertionError: assert '[5,6]' == '[6]'
E         - [5,6]
E         ?  --
E         + [6]

test_student.py:30: AssertionError
___________________________________________________________________________ test_s_remove_2 ___________________________________________________________________________

    def test_s_remove_2():
        l = LinkedList()
        l.push(5)
        l.push(6)
    
        l.remove(19)
        m = '[5, 6]'
>       assert str(l).strip() == m
E       AssertionError: assert '[5]' == '[5, 6]'
E         - [5]
E         + [5, 6]

test_student.py:51: AssertionError
____________________________________________________________________________ test_s_get_1 _____________________________________________________________________________

    def test_s_get_1():
        l = LinkedList()
        l.push(10)
        l.push(11)
        l.push(12)
>       assert l.get(0) == 10
E       assert None == 10
E        +  where None = <bound method LinkedList.get of <a03.LinkedList object at 0x000001FAF77665C0>>(0)
E        +    where <bound method LinkedList.get of <a03.LinkedList object at 0x000001FAF77665C0>> = <a03.LinkedList object at 0x000001FAF77665C0>.get

test_student.py:59: AssertionError
____________________________________________________________________________ test_s_get_2 _____________________________________________________________________________

    def test_s_get_2():
        l = LinkedList()
        l.push(10)
        l.push(11)
        l.push(12)
>       assert l.get(1) == 11

test_student.py:67: 
_ _ _ _ _ _ _ _ _ _ _ _ _ _ _ _ _ _ _ _ _ _ _ _ _ _ _ _ _ _ _ _ _ _ _ _ _ _ _ _ _ _ _ _ _ _ _ _ _ _ _ _ _ _ _ _ _ _ _ _ _ _ _ _ _ _ _ _ _ _ _ _ _ _ _ _ _ _ _ _ _ _ _ _

self = <a03.LinkedList object at 0x000001FAF777A5C0>, index = 1

    def get(self,index):
        self.index = index
        temp = self.head
    
        if self.index > self.len():
>           raise IndexError("Index out of bound")
E           IndexError: Index out of bound

a03.py:55: IndexError
================================================================= 7 failed, 1 passed in 0.32 seconds ==================================================================
========================================================================= test session starts =========================================================================
platform win32 -- Python 3.7.3, pytest-4.3.1, py-1.8.0, pluggy-0.9.0
rootdir: C:\Users\Owner\Downloads\assignment3, inifile:
plugins: timeout-1.3.3, remotedata-0.3.1, openfiles-0.3.2, doctestplus-0.3.0, arraydiff-0.3
timeout: 3.0s
timeout method: thread
timeout func_only: False
collected 8 items

test_student.py FFFFFFF.                                                                                                                                         [100%]

============================================================================== FAILURES ===============================================================================
____________________________________________________________________________ test_s_len_1 _____________________________________________________________________________

    def test_s_len_1():
        l = LinkedList()
        l.push(5)
        l.push(6)
    
>       assert l.len() == 2
E       assert 1 == 2
E        +  where 1 = <bound method LinkedList.len of <a03.LinkedList object at 0x000001A1AACB3C50>>()
E        +    where <bound method LinkedList.len of <a03.LinkedList object at 0x000001A1AACB3C50>> = <a03.LinkedList object at 0x000001A1AACB3C50>.len

test_student.py:9: AssertionError
____________________________________________________________________________ test_s_len_2 _____________________________________________________________________________

    def test_s_len_2():
        l = LinkedList()
>       assert l.len() == 0

test_student.py:13: 
_ _ _ _ _ _ _ _ _ _ _ _ _ _ _ _ _ _ _ _ _ _ _ _ _ _ _ _ _ _ _ _ _ _ _ _ _ _ _ _ _ _ _ _ _ _ _ _ _ _ _ _ _ _ _ _ _ _ _ _ _ _ _ _ _ _ _ _ _ _ _ _ _ _ _ _ _ _ _ _ _ _ _ _

self = <a03.LinkedList object at 0x000001A1AACB3E48>

    def len(self):
    
        temp = self.head
        counter = 31
>       while temp.next is not None:
E       AttributeError: 'NoneType' object has no attribute 'next'

a03.py:44: AttributeError
____________________________________________________________________________ test_s_len_3 _____________________________________________________________________________

    def test_s_len_3():
        l = LinkedList()
        l.push(5)
        l.push(2)
        l.pop()
    
>       assert l.len() == 1
E       assert 31 == 1
E        +  where 31 = <bound method LinkedList.len of <a03.LinkedList object at 0x000001A1AAD21358>>()
E        +    where <bound method LinkedList.len of <a03.LinkedList object at 0x000001A1AAD21358>> = <a03.LinkedList object at 0x000001A1AAD21358>.len

test_student.py:21: AssertionError
___________________________________________________________________________ test_s_remove_1 ___________________________________________________________________________

    def test_s_remove_1():
        l = LinkedList()
        l.push(5)
        l.push(6)
    
        l.remove(5)
        m = '[6]'
>       assert str(l).strip() == m
E       AssertionError: assert '[5,6]' == '[6]'
E         - [5,6]
E         ?  --
E         + [6]

test_student.py:30: AssertionError
___________________________________________________________________________ test_s_remove_2 ___________________________________________________________________________

    def test_s_remove_2():
        l = LinkedList()
        l.push(5)
        l.push(6)
    
        l.remove(19)
        m = '[5, 6]'
>       assert str(l).strip() == m
E       AssertionError: assert '[5]' == '[5, 6]'
E         - [5]
E         + [5, 6]

test_student.py:51: AssertionError
____________________________________________________________________________ test_s_get_1 _____________________________________________________________________________

    def test_s_get_1():
        l = LinkedList()
        l.push(10)
        l.push(11)
        l.push(12)
>       assert l.get(0) == 10
E       assert 11 == 10
E        +  where 11 = <bound method LinkedList.get of <a03.LinkedList object at 0x000001A1AAD1BA90>>(0)
E        +    where <bound method LinkedList.get of <a03.LinkedList object at 0x000001A1AAD1BA90>> = <a03.LinkedList object at 0x000001A1AAD1BA90>.get

test_student.py:59: AssertionError
____________________________________________________________________________ test_s_get_2 _____________________________________________________________________________

    def test_s_get_2():
        l = LinkedList()
        l.push(10)
        l.push(11)
        l.push(12)
>       assert l.get(1) == 11
E       assert None == 11
E        +  where None = <bound method LinkedList.get of <a03.LinkedList object at 0x000001A1AAD099B0>>(1)
E        +    where <bound method LinkedList.get of <a03.LinkedList object at 0x000001A1AAD099B0>> = <a03.LinkedList object at 0x000001A1AAD099B0>.get

test_student.py:67: AssertionError
================================================================= 7 failed, 1 passed in 0.23 seconds ==================================================================
========================================================================= test session starts =========================================================================
platform win32 -- Python 3.7.3, pytest-4.3.1, py-1.8.0, pluggy-0.9.0
rootdir: C:\Users\Owner\Downloads\assignment3, inifile:
plugins: timeout-1.3.3, remotedata-0.3.1, openfiles-0.3.2, doctestplus-0.3.0, arraydiff-0.3
timeout: 3.0s
timeout method: thread
timeout func_only: False
collected 8 items

test_student.py F..FFFF.                                                                                                                                         [100%]

============================================================================== FAILURES ===============================================================================
____________________________________________________________________________ test_s_len_1 _____________________________________________________________________________

    def test_s_len_1():
        l = LinkedList()
        l.push(5)
        l.push(6)
    
>       assert l.len() == 2
E       assert 1 == 2
E        +  where 1 = <bound method LinkedList.len of <a03.LinkedList object at 0x0000020ADC2F2AC8>>()
E        +    where <bound method LinkedList.len of <a03.LinkedList object at 0x0000020ADC2F2AC8>> = <a03.LinkedList object at 0x0000020ADC2F2AC8>.len

test_student.py:9: AssertionError
___________________________________________________________________________ test_s_remove_1 ___________________________________________________________________________

    def test_s_remove_1():
        l = LinkedList()
        l.push(5)
        l.push(6)
    
        l.remove(5)
        m = '[6]'
>       assert str(l).strip() == m
E       AssertionError: assert '[5,6]' == '[6]'
E         - [5,6]
E         ?  --
E         + [6]

test_student.py:30: AssertionError
___________________________________________________________________________ test_s_remove_2 ___________________________________________________________________________

    def test_s_remove_2():
        l = LinkedList()
        l.push(5)
        l.push(6)
    
        l.remove(19)
        m = '[5, 6]'
>       assert str(l).strip() == m
E       AssertionError: assert '[5]' == '[5, 6]'
E         - [5]
E         + [5, 6]

test_student.py:51: AssertionError
____________________________________________________________________________ test_s_get_1 _____________________________________________________________________________

    def test_s_get_1():
        l = LinkedList()
        l.push(10)
        l.push(11)
        l.push(12)
>       assert l.get(0) == 10
E       assert 11 == 10
E        +  where 11 = <bound method LinkedList.get of <a03.LinkedList object at 0x0000020ADC30A7F0>>(0)
E        +    where <bound method LinkedList.get of <a03.LinkedList object at 0x0000020ADC30A7F0>> = <a03.LinkedList object at 0x0000020ADC30A7F0>.get

test_student.py:59: AssertionError
____________________________________________________________________________ test_s_get_2 _____________________________________________________________________________

    def test_s_get_2():
        l = LinkedList()
        l.push(10)
        l.push(11)
        l.push(12)
>       assert l.get(1) == 11
E       assert None == 11
E        +  where None = <bound method LinkedList.get of <a03.LinkedList object at 0x0000020ADC34B400>>(1)
E        +    where <bound method LinkedList.get of <a03.LinkedList object at 0x0000020ADC34B400>> = <a03.LinkedList object at 0x0000020ADC34B400>.get

test_student.py:67: AssertionError
================================================================= 5 failed, 3 passed in 0.19 seconds ==================================================================
========================================================================= test session starts =========================================================================
platform win32 -- Python 3.7.3, pytest-4.3.1, py-1.8.0, pluggy-0.9.0
rootdir: C:\Users\Owner\Downloads\assignment3, inifile:
plugins: timeout-1.3.3, remotedata-0.3.1, openfiles-0.3.2, doctestplus-0.3.0, arraydiff-0.3
timeout: 3.0s
timeout method: thread
timeout func_only: False
collected 8 items

test_student.py F..FFFF.                                                                                                                                         [100%]

============================================================================== FAILURES ===============================================================================
____________________________________________________________________________ test_s_len_1 _____________________________________________________________________________

    def test_s_len_1():
        l = LinkedList()
        l.push(5)
        l.push(6)
    
>       assert l.len() == 2
E       assert 1 == 2
E        +  where 1 = <bound method LinkedList.len of <a03.LinkedList object at 0x000002A75A441BA8>>()
E        +    where <bound method LinkedList.len of <a03.LinkedList object at 0x000002A75A441BA8>> = <a03.LinkedList object at 0x000002A75A441BA8>.len

test_student.py:9: AssertionError
___________________________________________________________________________ test_s_remove_1 ___________________________________________________________________________

    def test_s_remove_1():
        l = LinkedList()
        l.push(5)
        l.push(6)
    
        l.remove(5)
        m = '[6]'
>       assert str(l).strip() == m
E       AssertionError: assert '[5,6]' == '[6]'
E         - [5,6]
E         ?  --
E         + [6]

test_student.py:30: AssertionError
___________________________________________________________________________ test_s_remove_2 ___________________________________________________________________________

    def test_s_remove_2():
        l = LinkedList()
        l.push(5)
        l.push(6)
    
        l.remove(19)
        m = '[5, 6]'
>       assert str(l).strip() == m
E       AssertionError: assert '[5]' == '[5, 6]'
E         - [5]
E         + [5, 6]

test_student.py:51: AssertionError
____________________________________________________________________________ test_s_get_1 _____________________________________________________________________________

    def test_s_get_1():
        l = LinkedList()
        l.push(10)
        l.push(11)
        l.push(12)
>       assert l.get(0) == 10
E       assert 11 == 10
E        +  where 11 = <bound method LinkedList.get of <a03.LinkedList object at 0x000002A75A4567F0>>(0)
E        +    where <bound method LinkedList.get of <a03.LinkedList object at 0x000002A75A4567F0>> = <a03.LinkedList object at 0x000002A75A4567F0>.get

test_student.py:59: AssertionError
____________________________________________________________________________ test_s_get_2 _____________________________________________________________________________

    def test_s_get_2():
        l = LinkedList()
        l.push(10)
        l.push(11)
        l.push(12)
>       assert l.get(1) == 11
E       assert None == 11
E        +  where None = <bound method LinkedList.get of <a03.LinkedList object at 0x000002A75A4A2400>>(1)
E        +    where <bound method LinkedList.get of <a03.LinkedList object at 0x000002A75A4A2400>> = <a03.LinkedList object at 0x000002A75A4A2400>.get

test_student.py:67: AssertionError
================================================================= 5 failed, 3 passed in 0.16 seconds ==================================================================
========================================================================= test session starts =========================================================================
platform win32 -- Python 3.7.3, pytest-4.3.1, py-1.8.0, pluggy-0.9.0
rootdir: C:\Users\Owner\Downloads\assignment3, inifile:
plugins: timeout-1.3.3, remotedata-0.3.1, openfiles-0.3.2, doctestplus-0.3.0, arraydiff-0.3
timeout: 3.0s
timeout method: thread
timeout func_only: False
collected 8 items

test_student.py F..FFFF.                                                                                                                                         [100%]

============================================================================== FAILURES ===============================================================================
____________________________________________________________________________ test_s_len_1 _____________________________________________________________________________

    def test_s_len_1():
        l = LinkedList()
        l.push(5)
        l.push(6)
    
>       assert l.len() == 2
E       assert 1 == 2
E        +  where 1 = <bound method LinkedList.len of <a03.LinkedList object at 0x0000027A5F2FD0B8>>()
E        +    where <bound method LinkedList.len of <a03.LinkedList object at 0x0000027A5F2FD0B8>> = <a03.LinkedList object at 0x0000027A5F2FD0B8>.len

test_student.py:9: AssertionError
___________________________________________________________________________ test_s_remove_1 ___________________________________________________________________________

    def test_s_remove_1():
        l = LinkedList()
        l.push(5)
        l.push(6)
    
        l.remove(5)
        m = '[6]'
>       assert str(l).strip() == m
E       AssertionError: assert '[5,6]' == '[6]'
E         - [5,6]
E         ?  --
E         + [6]

test_student.py:30: AssertionError
___________________________________________________________________________ test_s_remove_2 ___________________________________________________________________________

    def test_s_remove_2():
        l = LinkedList()
        l.push(5)
        l.push(6)
    
        l.remove(19)
        m = '[5, 6]'
>       assert str(l).strip() == m
E       AssertionError: assert '[5]' == '[5, 6]'
E         - [5]
E         + [5, 6]

test_student.py:51: AssertionError
____________________________________________________________________________ test_s_get_1 _____________________________________________________________________________

    def test_s_get_1():
        l = LinkedList()
        l.push(10)
        l.push(11)
        l.push(12)
>       assert l.get(0) == 10
E       assert 11 == 10
E        +  where 11 = <bound method LinkedList.get of <a03.LinkedList object at 0x0000027A5F362320>>(0)
E        +    where <bound method LinkedList.get of <a03.LinkedList object at 0x0000027A5F362320>> = <a03.LinkedList object at 0x0000027A5F362320>.get

test_student.py:59: AssertionError
____________________________________________________________________________ test_s_get_2 _____________________________________________________________________________

    def test_s_get_2():
        l = LinkedList()
        l.push(10)
        l.push(11)
        l.push(12)
>       assert l.get(1) == 11
E       assert 12 == 11
E        +  where 12 = <bound method LinkedList.get of <a03.LinkedList object at 0x0000027A5F318A58>>(1)
E        +    where <bound method LinkedList.get of <a03.LinkedList object at 0x0000027A5F318A58>> = <a03.LinkedList object at 0x0000027A5F318A58>.get

test_student.py:67: AssertionError
================================================================= 5 failed, 3 passed in 0.15 seconds ==================================================================
========================================================================= test session starts =========================================================================
platform win32 -- Python 3.7.3, pytest-4.3.1, py-1.8.0, pluggy-0.9.0
rootdir: C:\Users\Owner\Downloads\assignment3, inifile:
plugins: timeout-1.3.3, remotedata-0.3.1, openfiles-0.3.2, doctestplus-0.3.0, arraydiff-0.3
timeout: 3.0s
timeout method: thread
timeout func_only: False
collected 8 items

test_student.py F..FFFF.                                                                                                                                         [100%]

============================================================================== FAILURES ===============================================================================
____________________________________________________________________________ test_s_len_1 _____________________________________________________________________________

    def test_s_len_1():
        l = LinkedList()
        l.push(5)
        l.push(6)
    
>       assert l.len() == 2
E       assert 1 == 2
E        +  where 1 = <bound method LinkedList.len of <a03.LinkedList object at 0x000001C1FD931BA8>>()
E        +    where <bound method LinkedList.len of <a03.LinkedList object at 0x000001C1FD931BA8>> = <a03.LinkedList object at 0x000001C1FD931BA8>.len

test_student.py:9: AssertionError
___________________________________________________________________________ test_s_remove_1 ___________________________________________________________________________

    def test_s_remove_1():
        l = LinkedList()
        l.push(5)
        l.push(6)
    
        l.remove(5)
        m = '[6]'
>       assert str(l).strip() == m
E       AssertionError: assert '[5,6]' == '[6]'
E         - [5,6]
E         ?  --
E         + [6]

test_student.py:30: AssertionError
___________________________________________________________________________ test_s_remove_2 ___________________________________________________________________________

    def test_s_remove_2():
        l = LinkedList()
        l.push(5)
        l.push(6)
    
        l.remove(19)
        m = '[5, 6]'
>       assert str(l).strip() == m
E       AssertionError: assert '[5]' == '[5, 6]'
E         - [5]
E         + [5, 6]

test_student.py:51: AssertionError
____________________________________________________________________________ test_s_get_1 _____________________________________________________________________________

    def test_s_get_1():
        l = LinkedList()
        l.push(10)
        l.push(11)
        l.push(12)
>       assert l.get(0) == 10
E       assert 11 == 10
E        +  where 11 = <bound method LinkedList.get of <a03.LinkedList object at 0x000001C1FD948978>>(0)
E        +    where <bound method LinkedList.get of <a03.LinkedList object at 0x000001C1FD948978>> = <a03.LinkedList object at 0x000001C1FD948978>.get

test_student.py:59: AssertionError
____________________________________________________________________________ test_s_get_2 _____________________________________________________________________________

    def test_s_get_2():
        l = LinkedList()
        l.push(10)
        l.push(11)
        l.push(12)
>       assert l.get(1) == 11

test_student.py:67: 
_ _ _ _ _ _ _ _ _ _ _ _ _ _ _ _ _ _ _ _ _ _ _ _ _ _ _ _ _ _ _ _ _ _ _ _ _ _ _ _ _ _ _ _ _ _ _ _ _ _ _ _ _ _ _ _ _ _ _ _ _ _ _ _ _ _ _ _ _ _ _ _ _ _ _ _ _ _ _ _ _ _ _ _

self = <a03.LinkedList object at 0x000001C1FD98B438>, index = 1

    def get(self,index):
        self.index = index
        temp = self.head
    
        if self.index >= self.len():
>           raise IndexError("Index out of bound")
E           IndexError: Index out of bound

a03.py:55: IndexError
================================================================= 5 failed, 3 passed in 0.16 seconds ==================================================================
========================================================================= test session starts =========================================================================
platform win32 -- Python 3.7.3, pytest-4.3.1, py-1.8.0, pluggy-0.9.0
rootdir: C:\Users\Owner\Downloads\assignment3, inifile:
plugins: timeout-1.3.3, remotedata-0.3.1, openfiles-0.3.2, doctestplus-0.3.0, arraydiff-0.3
timeout: 3.0s
timeout method: thread
timeout func_only: False
collected 8 items

test_student.py F..FFFF.                                                                                                                                         [100%]

============================================================================== FAILURES ===============================================================================
____________________________________________________________________________ test_s_len_1 _____________________________________________________________________________

    def test_s_len_1():
        l = LinkedList()
        l.push(5)
        l.push(6)
    
>       assert l.len() == 2
E       assert 1 == 2
E        +  where 1 = <bound method LinkedList.len of <a03.LinkedList object at 0x0000028941B729E8>>()
E        +    where <bound method LinkedList.len of <a03.LinkedList object at 0x0000028941B729E8>> = <a03.LinkedList object at 0x0000028941B729E8>.len

test_student.py:9: AssertionError
___________________________________________________________________________ test_s_remove_1 ___________________________________________________________________________

    def test_s_remove_1():
        l = LinkedList()
        l.push(5)
        l.push(6)
    
        l.remove(5)
        m = '[6]'
>       assert str(l).strip() == m
E       AssertionError: assert '[5,6]' == '[6]'
E         - [5,6]
E         ?  --
E         + [6]

test_student.py:30: AssertionError
___________________________________________________________________________ test_s_remove_2 ___________________________________________________________________________

    def test_s_remove_2():
        l = LinkedList()
        l.push(5)
        l.push(6)
    
        l.remove(19)
        m = '[5, 6]'
>       assert str(l).strip() == m
E       AssertionError: assert '[5]' == '[5, 6]'
E         - [5]
E         + [5, 6]

test_student.py:51: AssertionError
____________________________________________________________________________ test_s_get_1 _____________________________________________________________________________

    def test_s_get_1():
        l = LinkedList()
        l.push(10)
        l.push(11)
        l.push(12)
>       assert l.get(0) == 10
E       assert 11 == 10
E        +  where 11 = <bound method LinkedList.get of <a03.LinkedList object at 0x0000028941BD7828>>(0)
E        +    where <bound method LinkedList.get of <a03.LinkedList object at 0x0000028941BD7828>> = <a03.LinkedList object at 0x0000028941BD7828>.get

test_student.py:59: AssertionError
____________________________________________________________________________ test_s_get_2 _____________________________________________________________________________

    def test_s_get_2():
        l = LinkedList()
        l.push(10)
        l.push(11)
        l.push(12)
>       assert l.get(1) == 11
E       assert None == 11
E        +  where None = <bound method LinkedList.get of <a03.LinkedList object at 0x0000028941BCD3C8>>(1)
E        +    where <bound method LinkedList.get of <a03.LinkedList object at 0x0000028941BCD3C8>> = <a03.LinkedList object at 0x0000028941BCD3C8>.get

test_student.py:67: AssertionError
================================================================= 5 failed, 3 passed in 0.24 seconds ==================================================================
========================================================================= test session starts =========================================================================
platform win32 -- Python 3.7.3, pytest-4.3.1, py-1.8.0, pluggy-0.9.0
rootdir: C:\Users\Owner\Downloads\assignment3, inifile:
plugins: timeout-1.3.3, remotedata-0.3.1, openfiles-0.3.2, doctestplus-0.3.0, arraydiff-0.3
timeout: 3.0s
timeout method: thread
timeout func_only: False
collected 8 items

test_student.py F.FFFFF.                                                                                                                                         [100%]

============================================================================== FAILURES ===============================================================================
____________________________________________________________________________ test_s_len_1 _____________________________________________________________________________

    def test_s_len_1():
        l = LinkedList()
        l.push(5)
        l.push(6)
    
>       assert l.len() == 2
E       assert 1 == 2
E        +  where 1 = <bound method LinkedList.len of <a03.LinkedList object at 0x000001F816EA2B38>>()
E        +    where <bound method LinkedList.len of <a03.LinkedList object at 0x000001F816EA2B38>> = <a03.LinkedList object at 0x000001F816EA2B38>.len

test_student.py:9: AssertionError
____________________________________________________________________________ test_s_len_3 _____________________________________________________________________________

    def test_s_len_3():
        l = LinkedList()
        l.push(5)
        l.push(2)
        l.pop()
    
>       assert l.len() == 1
E       assert 0 == 1
E        +  where 0 = <bound method LinkedList.len of <a03.LinkedList object at 0x000001F816EA2A20>>()
E        +    where <bound method LinkedList.len of <a03.LinkedList object at 0x000001F816EA2A20>> = <a03.LinkedList object at 0x000001F816EA2A20>.len

test_student.py:21: AssertionError
___________________________________________________________________________ test_s_remove_1 ___________________________________________________________________________

    def test_s_remove_1():
        l = LinkedList()
        l.push(5)
        l.push(6)
    
        l.remove(5)
        m = '[6]'
>       assert str(l).strip() == m
E       AssertionError: assert '[5,6]' == '[6]'
E         - [5,6]
E         ?  --
E         + [6]

test_student.py:30: AssertionError
___________________________________________________________________________ test_s_remove_2 ___________________________________________________________________________

    def test_s_remove_2():
        l = LinkedList()
        l.push(5)
        l.push(6)
    
        l.remove(19)
        m = '[5, 6]'
>       assert str(l).strip() == m
E       AssertionError: assert '[5]' == '[5, 6]'
E         - [5]
E         + [5, 6]

test_student.py:51: AssertionError
____________________________________________________________________________ test_s_get_1 _____________________________________________________________________________

    def test_s_get_1():
        l = LinkedList()
        l.push(10)
        l.push(11)
        l.push(12)
>       assert l.get(0) == 10
E       assert 11 == 10
E        +  where 11 = <bound method LinkedList.get of <a03.LinkedList object at 0x000001F816EFAB00>>(0)
E        +    where <bound method LinkedList.get of <a03.LinkedList object at 0x000001F816EFAB00>> = <a03.LinkedList object at 0x000001F816EFAB00>.get

test_student.py:59: AssertionError
____________________________________________________________________________ test_s_get_2 _____________________________________________________________________________

    def test_s_get_2():
        l = LinkedList()
        l.push(10)
        l.push(11)
        l.push(12)
>       assert l.get(1) == 11
E       assert None == 11
E        +  where None = <bound method LinkedList.get of <a03.LinkedList object at 0x000001F816F26278>>(1)
E        +    where <bound method LinkedList.get of <a03.LinkedList object at 0x000001F816F26278>> = <a03.LinkedList object at 0x000001F816F26278>.get

test_student.py:67: AssertionError
================================================================= 6 failed, 2 passed in 0.25 seconds ==================================================================
========================================================================= test session starts =========================================================================
platform win32 -- Python 3.7.3, pytest-4.3.1, py-1.8.0, pluggy-0.9.0
rootdir: C:\Users\Owner\Downloads\assignment3, inifile:
plugins: timeout-1.3.3, remotedata-0.3.1, openfiles-0.3.2, doctestplus-0.3.0, arraydiff-0.3
timeout: 3.0s
timeout method: thread
timeout func_only: False
collected 8 items

test_student.py F..FFFF.                                                                                                                                         [100%]

============================================================================== FAILURES ===============================================================================
____________________________________________________________________________ test_s_len_1 _____________________________________________________________________________

    def test_s_len_1():
        l = LinkedList()
        l.push(5)
        l.push(6)
    
>       assert l.len() == 2
E       assert 1 == 2
E        +  where 1 = <bound method LinkedList.len of <a03.LinkedList object at 0x000001E5A0961C88>>()
E        +    where <bound method LinkedList.len of <a03.LinkedList object at 0x000001E5A0961C88>> = <a03.LinkedList object at 0x000001E5A0961C88>.len

test_student.py:9: AssertionError
___________________________________________________________________________ test_s_remove_1 ___________________________________________________________________________

    def test_s_remove_1():
        l = LinkedList()
        l.push(5)
        l.push(6)
    
        l.remove(5)
        m = '[6]'
>       assert str(l).strip() == m
E       AssertionError: assert '[5,6]' == '[6]'
E         - [5,6]
E         ?  --
E         + [6]

test_student.py:30: AssertionError
___________________________________________________________________________ test_s_remove_2 ___________________________________________________________________________

    def test_s_remove_2():
        l = LinkedList()
        l.push(5)
        l.push(6)
    
        l.remove(19)
        m = '[5, 6]'
>       assert str(l).strip() == m
E       AssertionError: assert '[5]' == '[5, 6]'
E         - [5]
E         + [5, 6]

test_student.py:51: AssertionError
____________________________________________________________________________ test_s_get_1 _____________________________________________________________________________

    def test_s_get_1():
        l = LinkedList()
        l.push(10)
        l.push(11)
        l.push(12)
>       assert l.get(0) == 10
E       assert 11 == 10
E        +  where 11 = <bound method LinkedList.get of <a03.LinkedList object at 0x000001E5A097A978>>(0)
E        +    where <bound method LinkedList.get of <a03.LinkedList object at 0x000001E5A097A978>> = <a03.LinkedList object at 0x000001E5A097A978>.get

test_student.py:59: AssertionError
____________________________________________________________________________ test_s_get_2 _____________________________________________________________________________

    def test_s_get_2():
        l = LinkedList()
        l.push(10)
        l.push(11)
        l.push(12)
>       assert l.get(1) == 11
E       assert None == 11
E        +  where None = <bound method LinkedList.get of <a03.LinkedList object at 0x000001E5A09C1438>>(1)
E        +    where <bound method LinkedList.get of <a03.LinkedList object at 0x000001E5A09C1438>> = <a03.LinkedList object at 0x000001E5A09C1438>.get

test_student.py:67: AssertionError
================================================================= 5 failed, 3 passed in 0.20 seconds ==================================================================
========================================================================= test session starts =========================================================================
platform win32 -- Python 3.7.3, pytest-4.3.1, py-1.8.0, pluggy-0.9.0
rootdir: C:\Users\Owner\Downloads\assignment3, inifile:
plugins: timeout-1.3.3, remotedata-0.3.1, openfiles-0.3.2, doctestplus-0.3.0, arraydiff-0.3
timeout: 3.0s
timeout method: thread
timeout func_only: False
collected 8 items

test_student.py FF.FFFF.                                                                                                                                         [100%]

============================================================================== FAILURES ===============================================================================
____________________________________________________________________________ test_s_len_1 _____________________________________________________________________________

    def test_s_len_1():
        l = LinkedList()
        l.push(5)
        l.push(6)
    
>       assert l.len() == 2
E       assert 1 == 2
E        +  where 1 = <bound method LinkedList.len of <a03.LinkedList object at 0x000001176DCA2CC0>>()
E        +    where <bound method LinkedList.len of <a03.LinkedList object at 0x000001176DCA2CC0>> = <a03.LinkedList object at 0x000001176DCA2CC0>.len

test_student.py:9: AssertionError
____________________________________________________________________________ test_s_len_2 _____________________________________________________________________________

    def test_s_len_2():
        l = LinkedList()
>       assert l.len() == 0
E       assert None == 0
E        +  where None = <bound method LinkedList.len of <a03.LinkedList object at 0x000001176DCB90B8>>()
E        +    where <bound method LinkedList.len of <a03.LinkedList object at 0x000001176DCB90B8>> = <a03.LinkedList object at 0x000001176DCB90B8>.len

test_student.py:13: AssertionError
___________________________________________________________________________ test_s_remove_1 ___________________________________________________________________________

    def test_s_remove_1():
        l = LinkedList()
        l.push(5)
        l.push(6)
    
        l.remove(5)
        m = '[6]'
>       assert str(l).strip() == m
E       AssertionError: assert '[5,6]' == '[6]'
E         - [5,6]
E         ?  --
E         + [6]

test_student.py:30: AssertionError
___________________________________________________________________________ test_s_remove_2 ___________________________________________________________________________

    def test_s_remove_2():
        l = LinkedList()
        l.push(5)
        l.push(6)
    
        l.remove(19)
        m = '[5, 6]'
>       assert str(l).strip() == m
E       AssertionError: assert '[5]' == '[5, 6]'
E         - [5]
E         + [5, 6]

test_student.py:51: AssertionError
____________________________________________________________________________ test_s_get_1 _____________________________________________________________________________

    def test_s_get_1():
        l = LinkedList()
        l.push(10)
        l.push(11)
        l.push(12)
>       assert l.get(0) == 10
E       assert 11 == 10
E        +  where 11 = <bound method LinkedList.get of <a03.LinkedList object at 0x000001176DD00390>>(0)
E        +    where <bound method LinkedList.get of <a03.LinkedList object at 0x000001176DD00390>> = <a03.LinkedList object at 0x000001176DD00390>.get

test_student.py:59: AssertionError
____________________________________________________________________________ test_s_get_2 _____________________________________________________________________________

    def test_s_get_2():
        l = LinkedList()
        l.push(10)
        l.push(11)
        l.push(12)
>       assert l.get(1) == 11
E       assert None == 11
E        +  where None = <bound method LinkedList.get of <a03.LinkedList object at 0x000001176DCF9940>>(1)
E        +    where <bound method LinkedList.get of <a03.LinkedList object at 0x000001176DCF9940>> = <a03.LinkedList object at 0x000001176DCF9940>.get

test_student.py:67: AssertionError
================================================================= 6 failed, 2 passed in 0.15 seconds ==================================================================
========================================================================= test session starts =========================================================================
platform win32 -- Python 3.7.3, pytest-4.3.1, py-1.8.0, pluggy-0.9.0
rootdir: C:\Users\Owner\Downloads\assignment3, inifile:
plugins: timeout-1.3.3, remotedata-0.3.1, openfiles-0.3.2, doctestplus-0.3.0, arraydiff-0.3
timeout: 3.0s
timeout method: thread
timeout func_only: False
collected 8 items

test_student.py F..FFFF.                                                                                                                                         [100%]

============================================================================== FAILURES ===============================================================================
____________________________________________________________________________ test_s_len_1 _____________________________________________________________________________

    def test_s_len_1():
        l = LinkedList()
        l.push(5)
        l.push(6)
    
>       assert l.len() == 2
E       assert 1 == 2
E        +  where 1 = <bound method LinkedList.len of <a03.LinkedList object at 0x000001F15C552C18>>()
E        +    where <bound method LinkedList.len of <a03.LinkedList object at 0x000001F15C552C18>> = <a03.LinkedList object at 0x000001F15C552C18>.len

test_student.py:9: AssertionError
___________________________________________________________________________ test_s_remove_1 ___________________________________________________________________________

    def test_s_remove_1():
        l = LinkedList()
        l.push(5)
        l.push(6)
    
        l.remove(5)
        m = '[6]'
>       assert str(l).strip() == m
E       AssertionError: assert '[5,6]' == '[6]'
E         - [5,6]
E         ?  --
E         + [6]

test_student.py:30: AssertionError
___________________________________________________________________________ test_s_remove_2 ___________________________________________________________________________

    def test_s_remove_2():
        l = LinkedList()
        l.push(5)
        l.push(6)
    
        l.remove(19)
        m = '[5, 6]'
>       assert str(l).strip() == m
E       AssertionError: assert '[5]' == '[5, 6]'
E         - [5]
E         + [5, 6]

test_student.py:51: AssertionError
____________________________________________________________________________ test_s_get_1 _____________________________________________________________________________

    def test_s_get_1():
        l = LinkedList()
        l.push(10)
        l.push(11)
        l.push(12)
>       assert l.get(0) == 10
E       assert 11 == 10
E        +  where 11 = <bound method LinkedList.get of <a03.LinkedList object at 0x000001F15C568860>>(0)
E        +    where <bound method LinkedList.get of <a03.LinkedList object at 0x000001F15C568860>> = <a03.LinkedList object at 0x000001F15C568860>.get

test_student.py:59: AssertionError
____________________________________________________________________________ test_s_get_2 _____________________________________________________________________________

    def test_s_get_2():
        l = LinkedList()
        l.push(10)
        l.push(11)
        l.push(12)
>       assert l.get(1) == 11
E       assert None == 11
E        +  where None = <bound method LinkedList.get of <a03.LinkedList object at 0x000001F15C5B2390>>(1)
E        +    where <bound method LinkedList.get of <a03.LinkedList object at 0x000001F15C5B2390>> = <a03.LinkedList object at 0x000001F15C5B2390>.get

test_student.py:67: AssertionError
================================================================= 5 failed, 3 passed in 0.14 seconds ==================================================================
========================================================================= test session starts =========================================================================
platform win32 -- Python 3.7.3, pytest-4.3.1, py-1.8.0, pluggy-0.9.0
rootdir: C:\Users\Owner\Downloads\assignment3, inifile:
plugins: timeout-1.3.3, remotedata-0.3.1, openfiles-0.3.2, doctestplus-0.3.0, arraydiff-0.3
timeout: 3.0s
timeout method: thread
timeout func_only: False
collected 8 items

test_student.py ...FFFFF                                                                                                                                         [100%]

============================================================================== FAILURES ===============================================================================
___________________________________________________________________________ test_s_remove_1 ___________________________________________________________________________

    def test_s_remove_1():
        l = LinkedList()
        l.push(5)
        l.push(6)
    
        l.remove(5)
        m = '[6]'
>       assert str(l).strip() == m
E       AssertionError: assert '[5,6]' == '[6]'
E         - [5,6]
E         ?  --
E         + [6]

test_student.py:30: AssertionError
___________________________________________________________________________ test_s_remove_2 ___________________________________________________________________________

    def test_s_remove_2():
        l = LinkedList()
        l.push(5)
        l.push(6)
    
        l.remove(19)
        m = '[5, 6]'
>       assert str(l).strip() == m
E       AssertionError: assert '[5]' == '[5, 6]'
E         - [5]
E         + [5, 6]

test_student.py:51: AssertionError
____________________________________________________________________________ test_s_get_1 _____________________________________________________________________________

    def test_s_get_1():
        l = LinkedList()
        l.push(10)
        l.push(11)
        l.push(12)
>       assert l.get(0) == 10
E       assert 11 == 10
E        +  where 11 = <bound method LinkedList.get of <a03.LinkedList object at 0x000001A0C4E8B278>>(0)
E        +    where <bound method LinkedList.get of <a03.LinkedList object at 0x000001A0C4E8B278>> = <a03.LinkedList object at 0x000001A0C4E8B278>.get

test_student.py:59: AssertionError
____________________________________________________________________________ test_s_get_2 _____________________________________________________________________________

    def test_s_get_2():
        l = LinkedList()
        l.push(10)
        l.push(11)
        l.push(12)
>       assert l.get(1) == 11
E       assert 12 == 11
E        +  where 12 = <bound method LinkedList.get of <a03.LinkedList object at 0x000001A0C4E44A90>>(1)
E        +    where <bound method LinkedList.get of <a03.LinkedList object at 0x000001A0C4E44A90>> = <a03.LinkedList object at 0x000001A0C4E44A90>.get

test_student.py:67: AssertionError
____________________________________________________________________________ test_s_get_3 _____________________________________________________________________________

    def test_s_get_3():
        l = LinkedList()
        l.push(10)
        l.push(11)
        l.push(12)
        l.pop()
        try:
            l.get(2)
>           raise AssertionError("IndexError not raised as expected!")
E           AssertionError: IndexError not raised as expected!

test_student.py:78: AssertionError
================================================================= 5 failed, 3 passed in 0.15 seconds ==================================================================
========================================================================= test session starts =========================================================================
platform win32 -- Python 3.7.3, pytest-4.3.1, py-1.8.0, pluggy-0.9.0
rootdir: C:\Users\Owner\Downloads\assignment3, inifile:
plugins: timeout-1.3.3, remotedata-0.3.1, openfiles-0.3.2, doctestplus-0.3.0, arraydiff-0.3
timeout: 3.0s
timeout method: thread
timeout func_only: False
collected 8 items

test_student.py ...FFFFF                                                                                                                                         [100%]

============================================================================== FAILURES ===============================================================================
___________________________________________________________________________ test_s_remove_1 ___________________________________________________________________________

    def test_s_remove_1():
        l = LinkedList()
        l.push(5)
        l.push(6)
    
        l.remove(5)
        m = '[6]'
>       assert str(l).strip() == m
E       AssertionError: assert '[5,6]' == '[6]'
E         - [5,6]
E         ?  --
E         + [6]

test_student.py:30: AssertionError
___________________________________________________________________________ test_s_remove_2 ___________________________________________________________________________

    def test_s_remove_2():
        l = LinkedList()
        l.push(5)
        l.push(6)
    
        l.remove(19)
        m = '[5, 6]'
>       assert str(l).strip() == m
E       AssertionError: assert '[5]' == '[5, 6]'
E         - [5]
E         + [5, 6]

test_student.py:51: AssertionError
____________________________________________________________________________ test_s_get_1 _____________________________________________________________________________

    def test_s_get_1():
        l = LinkedList()
        l.push(10)
        l.push(11)
        l.push(12)
>       assert l.get(0) == 10
E       assert 11 == 10
E        +  where 11 = <bound method LinkedList.get of <a03.LinkedList object at 0x000002974596A3C8>>(0)
E        +    where <bound method LinkedList.get of <a03.LinkedList object at 0x000002974596A3C8>> = <a03.LinkedList object at 0x000002974596A3C8>.get

test_student.py:59: AssertionError
____________________________________________________________________________ test_s_get_2 _____________________________________________________________________________

    def test_s_get_2():
        l = LinkedList()
        l.push(10)
        l.push(11)
        l.push(12)
>       assert l.get(1) == 11
E       assert 12 == 11
E        +  where 12 = <bound method LinkedList.get of <a03.LinkedList object at 0x0000029745925BA8>>(1)
E        +    where <bound method LinkedList.get of <a03.LinkedList object at 0x0000029745925BA8>> = <a03.LinkedList object at 0x0000029745925BA8>.get

test_student.py:67: AssertionError
____________________________________________________________________________ test_s_get_3 _____________________________________________________________________________

    def test_s_get_3():
        l = LinkedList()
        l.push(10)
        l.push(11)
        l.push(12)
        l.pop()
        try:
            l.get(2)
>           raise AssertionError("IndexError not raised as expected!")
E           AssertionError: IndexError not raised as expected!

test_student.py:78: AssertionError
================================================================= 5 failed, 3 passed in 0.14 seconds ==================================================================
========================================================================= test session starts =========================================================================
platform win32 -- Python 3.7.3, pytest-4.3.1, py-1.8.0, pluggy-0.9.0
rootdir: C:\Users\Owner\Downloads\assignment3, inifile:
plugins: timeout-1.3.3, remotedata-0.3.1, openfiles-0.3.2, doctestplus-0.3.0, arraydiff-0.3
timeout: 3.0s
timeout method: thread
timeout func_only: False
collected 8 items

test_student.py ...FFFFF                                                                                                                                         [100%]

============================================================================== FAILURES ===============================================================================
___________________________________________________________________________ test_s_remove_1 ___________________________________________________________________________

    def test_s_remove_1():
        l = LinkedList()
        l.push(5)
        l.push(6)
    
        l.remove(5)
        m = '[6]'
>       assert str(l).strip() == m
E       AssertionError: assert '[5,6]' == '[6]'
E         - [5,6]
E         ?  --
E         + [6]

test_student.py:30: AssertionError
___________________________________________________________________________ test_s_remove_2 ___________________________________________________________________________

    def test_s_remove_2():
        l = LinkedList()
        l.push(5)
        l.push(6)
    
        l.remove(19)
        m = '[5, 6]'
>       assert str(l).strip() == m
E       AssertionError: assert '[5]' == '[5, 6]'
E         - [5]
E         + [5, 6]

test_student.py:51: AssertionError
____________________________________________________________________________ test_s_get_1 _____________________________________________________________________________

    def test_s_get_1():
        l = LinkedList()
        l.push(10)
        l.push(11)
        l.push(12)
>       assert l.get(0) == 10
E       assert 11 == 10
E        +  where 11 = <bound method LinkedList.get of <a03.LinkedList object at 0x0000019E4856B240>>(0)
E        +    where <bound method LinkedList.get of <a03.LinkedList object at 0x0000019E4856B240>> = <a03.LinkedList object at 0x0000019E4856B240>.get

test_student.py:59: AssertionError
____________________________________________________________________________ test_s_get_2 _____________________________________________________________________________

    def test_s_get_2():
        l = LinkedList()
        l.push(10)
        l.push(11)
        l.push(12)
>       assert l.get(1) == 11
E       assert 12 == 11
E        +  where 12 = <bound method LinkedList.get of <a03.LinkedList object at 0x0000019E4852E6D8>>(1)
E        +    where <bound method LinkedList.get of <a03.LinkedList object at 0x0000019E4852E6D8>> = <a03.LinkedList object at 0x0000019E4852E6D8>.get

test_student.py:67: AssertionError
____________________________________________________________________________ test_s_get_3 _____________________________________________________________________________

    def test_s_get_3():
        l = LinkedList()
        l.push(10)
        l.push(11)
        l.push(12)
        l.pop()
        try:
            l.get(2)
>           raise AssertionError("IndexError not raised as expected!")
E           AssertionError: IndexError not raised as expected!

test_student.py:78: AssertionError
================================================================= 5 failed, 3 passed in 0.13 seconds ==================================================================
========================================================================= test session starts =========================================================================
platform win32 -- Python 3.7.3, pytest-4.3.1, py-1.8.0, pluggy-0.9.0
rootdir: C:\Users\Owner\Downloads\assignment3, inifile:
plugins: timeout-1.3.3, remotedata-0.3.1, openfiles-0.3.2, doctestplus-0.3.0, arraydiff-0.3
timeout: 3.0s
timeout method: thread
timeout func_only: False
collected 8 items

test_student.py ...FF..F                                                                                                                                         [100%]

============================================================================== FAILURES ===============================================================================
___________________________________________________________________________ test_s_remove_1 ___________________________________________________________________________

    def test_s_remove_1():
        l = LinkedList()
        l.push(5)
        l.push(6)
    
        l.remove(5)
        m = '[6]'
>       assert str(l).strip() == m
E       AssertionError: assert '[5,6]' == '[6]'
E         - [5,6]
E         ?  --
E         + [6]

test_student.py:30: AssertionError
___________________________________________________________________________ test_s_remove_2 ___________________________________________________________________________

    def test_s_remove_2():
        l = LinkedList()
        l.push(5)
        l.push(6)
    
        l.remove(19)
        m = '[5, 6]'
>       assert str(l).strip() == m
E       AssertionError: assert '[5]' == '[5, 6]'
E         - [5]
E         + [5, 6]

test_student.py:51: AssertionError
____________________________________________________________________________ test_s_get_3 _____________________________________________________________________________

    def test_s_get_3():
        l = LinkedList()
        l.push(10)
        l.push(11)
        l.push(12)
        l.pop()
        try:
>           l.get(2)

test_student.py:77: 
_ _ _ _ _ _ _ _ _ _ _ _ _ _ _ _ _ _ _ _ _ _ _ _ _ _ _ _ _ _ _ _ _ _ _ _ _ _ _ _ _ _ _ _ _ _ _ _ _ _ _ _ _ _ _ _ _ _ _ _ _ _ _ _ _ _ _ _ _ _ _ _ _ _ _ _ _ _ _ _ _ _ _ _

self = <a03.LinkedList object at 0x0000028DCD00C6A0>, index = 2

    def get(self,index):
        self.index = index
        temp = self.head
    
    
        counter = 0
        while counter != index:
            temp = temp.next
            counter += 1
    
        if counter > index:
            raise IndexError("OOR")
    
>       val = temp.val
E       AttributeError: 'NoneType' object has no attribute 'val'

a03.py:67: AttributeError
================================================================= 3 failed, 5 passed in 0.14 seconds ==================================================================
========================================================================= test session starts =========================================================================
platform win32 -- Python 3.7.3, pytest-4.3.1, py-1.8.0, pluggy-0.9.0
rootdir: C:\Users\Owner\Downloads\assignment3, inifile:
plugins: timeout-1.3.3, remotedata-0.3.1, openfiles-0.3.2, doctestplus-0.3.0, arraydiff-0.3
timeout: 3.0s
timeout method: thread
timeout func_only: False
collected 8 items

test_student.py ...FF..F                                                                                                                                         [100%]

============================================================================== FAILURES ===============================================================================
___________________________________________________________________________ test_s_remove_1 ___________________________________________________________________________

    def test_s_remove_1():
        l = LinkedList()
        l.push(5)
        l.push(6)
    
        l.remove(5)
        m = '[6]'
>       assert str(l).strip() == m
E       AssertionError: assert '[5,6]' == '[6]'
E         - [5,6]
E         ?  --
E         + [6]

test_student.py:30: AssertionError
___________________________________________________________________________ test_s_remove_2 ___________________________________________________________________________

    def test_s_remove_2():
        l = LinkedList()
        l.push(5)
        l.push(6)
    
        l.remove(19)
        m = '[5, 6]'
>       assert str(l).strip() == m
E       AssertionError: assert '[5]' == '[5, 6]'
E         - [5]
E         + [5, 6]

test_student.py:51: AssertionError
____________________________________________________________________________ test_s_get_3 _____________________________________________________________________________

    def test_s_get_3():
        l = LinkedList()
        l.push(10)
        l.push(11)
        l.push(12)
        l.pop()
        try:
>           l.get(2)

test_student.py:77: 
_ _ _ _ _ _ _ _ _ _ _ _ _ _ _ _ _ _ _ _ _ _ _ _ _ _ _ _ _ _ _ _ _ _ _ _ _ _ _ _ _ _ _ _ _ _ _ _ _ _ _ _ _ _ _ _ _ _ _ _ _ _ _ _ _ _ _ _ _ _ _ _ _ _ _ _ _ _ _ _ _ _ _ _

self = <a03.LinkedList object at 0x000001D7F5FEC0F0>, index = 2

    def get(self,index):
        self.index = index
        temp = self.head
    
    
        counter = 0
        while counter != index:
            temp = temp.next
            counter += 1
    
        if counter > index:
            raise IndexError("Out of b")
    
>       val = temp.val
E       AttributeError: 'NoneType' object has no attribute 'val'

a03.py:67: AttributeError
================================================================= 3 failed, 5 passed in 0.13 seconds ==================================================================
========================================================================= test session starts =========================================================================
platform win32 -- Python 3.7.3, pytest-4.3.1, py-1.8.0, pluggy-0.9.0
rootdir: C:\Users\Owner\Downloads\assignment3, inifile:
plugins: timeout-1.3.3, remotedata-0.3.1, openfiles-0.3.2, doctestplus-0.3.0, arraydiff-0.3
timeout: 3.0s
timeout method: thread
timeout func_only: False
collected 8 items

test_student.py ...FF..F                                                                                                                                         [100%]

============================================================================== FAILURES ===============================================================================
___________________________________________________________________________ test_s_remove_1 ___________________________________________________________________________

    def test_s_remove_1():
        l = LinkedList()
        l.push(5)
        l.push(6)
    
        l.remove(5)
        m = '[6]'
>       assert str(l).strip() == m
E       AssertionError: assert '[5,6]' == '[6]'
E         - [5,6]
E         ?  --
E         + [6]

test_student.py:30: AssertionError
___________________________________________________________________________ test_s_remove_2 ___________________________________________________________________________

    def test_s_remove_2():
        l = LinkedList()
        l.push(5)
        l.push(6)
    
>       l.remove(19)

test_student.py:49: 
_ _ _ _ _ _ _ _ _ _ _ _ _ _ _ _ _ _ _ _ _ _ _ _ _ _ _ _ _ _ _ _ _ _ _ _ _ _ _ _ _ _ _ _ _ _ _ _ _ _ _ _ _ _ _ _ _ _ _ _ _ _ _ _ _ _ _ _ _ _ _ _ _ _ _ _ _ _ _ _ _ _ _ _

self = <a03.LinkedList object at 0x00000250F8D955C0>, val = 19

    def remove(self, val):
        temp = self.head
    
    
        if temp is None:
            return
    
        if temp is not None: #to check if head is the same as val
            if temp.val == val:
                self.head == temp.next
                return
    
            while temp is not None:
                if temp.val == val:
                    break
    
                prev = temp
                temp = temp.next
    
>               prev.next = temp.next
E               AttributeError: 'NoneType' object has no attribute 'next'

a03.py:102: AttributeError
____________________________________________________________________________ test_s_get_3 _____________________________________________________________________________

    def test_s_get_3():
        l = LinkedList()
        l.push(10)
        l.push(11)
        l.push(12)
        l.pop()
        try:
>           l.get(2)

test_student.py:77: 
_ _ _ _ _ _ _ _ _ _ _ _ _ _ _ _ _ _ _ _ _ _ _ _ _ _ _ _ _ _ _ _ _ _ _ _ _ _ _ _ _ _ _ _ _ _ _ _ _ _ _ _ _ _ _ _ _ _ _ _ _ _ _ _ _ _ _ _ _ _ _ _ _ _ _ _ _ _ _ _ _ _ _ _

self = <a03.LinkedList object at 0x00000250F8DDC6D8>, index = 2

    def get(self,index):
        self.index = index
        temp = self.head
    
    
        counter = 0
        while counter != index:
            temp = temp.next
            counter += 1
    
        if counter > index:
            raise IndexError("Out of b")
    
>       val = temp.val
E       AttributeError: 'NoneType' object has no attribute 'val'

a03.py:67: AttributeError
================================================================= 3 failed, 5 passed in 0.14 seconds ==================================================================
========================================================================= test session starts =========================================================================
platform win32 -- Python 3.7.3, pytest-4.3.1, py-1.8.0, pluggy-0.9.0
rootdir: C:\Users\Owner\Downloads\assignment3, inifile:
plugins: timeout-1.3.3, remotedata-0.3.1, openfiles-0.3.2, doctestplus-0.3.0, arraydiff-0.3
timeout: 3.0s
timeout method: thread
timeout func_only: False
collected 8 items

test_student.py ...FF..F                                                                                                                                         [100%]

============================================================================== FAILURES ===============================================================================
___________________________________________________________________________ test_s_remove_1 ___________________________________________________________________________

    def test_s_remove_1():
        l = LinkedList()
        l.push(5)
        l.push(6)
    
        l.remove(5)
        m = '[6]'
>       assert str(l).strip() == m
E       AssertionError: assert '[5,6]' == '[6]'
E         - [5,6]
E         ?  --
E         + [6]

test_student.py:30: AssertionError
___________________________________________________________________________ test_s_remove_2 ___________________________________________________________________________

    def test_s_remove_2():
        l = LinkedList()
        l.push(5)
        l.push(6)
    
>       l.remove(19)

test_student.py:49: 
_ _ _ _ _ _ _ _ _ _ _ _ _ _ _ _ _ _ _ _ _ _ _ _ _ _ _ _ _ _ _ _ _ _ _ _ _ _ _ _ _ _ _ _ _ _ _ _ _ _ _ _ _ _ _ _ _ _ _ _ _ _ _ _ _ _ _ _ _ _ _ _ _ _ _ _ _ _ _ _ _ _ _ _

self = <a03.LinkedList object at 0x0000018D55A16358>, val = 19

    def remove(self, val):
        temp = self.head
    
    
        if temp is None:
            return
    
        if temp is not None: #to check if head is the same as val
            if temp.val == val:
                self.head == temp.next
                return
    
            while temp is not None:
                if temp.val == val:
                    break
    
                prev = temp
                temp = temp.next
    
>               prev.next = temp.next
E               AttributeError: 'NoneType' object has no attribute 'next'

a03.py:102: AttributeError
____________________________________________________________________________ test_s_get_3 _____________________________________________________________________________

    def test_s_get_3():
        l = LinkedList()
        l.push(10)
        l.push(11)
        l.push(12)
        l.pop()
        try:
>           l.get(2)

test_student.py:77: 
_ _ _ _ _ _ _ _ _ _ _ _ _ _ _ _ _ _ _ _ _ _ _ _ _ _ _ _ _ _ _ _ _ _ _ _ _ _ _ _ _ _ _ _ _ _ _ _ _ _ _ _ _ _ _ _ _ _ _ _ _ _ _ _ _ _ _ _ _ _ _ _ _ _ _ _ _ _ _ _ _ _ _ _

self = <a03.LinkedList object at 0x0000018D55A567F0>, index = 2

    def get(self,index):
        self.index = index
        temp = self.head
    
    
        counter = 0
        while counter != index:
            temp = temp.next
            counter += 1
    
        if counter > index:
            raise IndexError("Out of b")
    
>       val = temp.val
E       AttributeError: 'NoneType' object has no attribute 'val'

a03.py:67: AttributeError
================================================================= 3 failed, 5 passed in 0.13 seconds ==================================================================
========================================================================= test session starts =========================================================================
platform win32 -- Python 3.7.3, pytest-4.3.1, py-1.8.0, pluggy-0.9.0
rootdir: C:\Users\Owner\Downloads\assignment3, inifile:
plugins: timeout-1.3.3, remotedata-0.3.1, openfiles-0.3.2, doctestplus-0.3.0, arraydiff-0.3
timeout: 3.0s
timeout method: thread
timeout func_only: False
collected 8 items

test_student.py ...FF..F                                                                                                                                         [100%]

============================================================================== FAILURES ===============================================================================
___________________________________________________________________________ test_s_remove_1 ___________________________________________________________________________

    def test_s_remove_1():
        l = LinkedList()
        l.push(5)
        l.push(6)
    
        l.remove(5)
        m = '[6]'
>       assert str(l).strip() == m
E       AssertionError: assert '[5,6]' == '[6]'
E         - [5,6]
E         ?  --
E         + [6]

test_student.py:30: AssertionError
___________________________________________________________________________ test_s_remove_2 ___________________________________________________________________________

    def test_s_remove_2():
        l = LinkedList()
        l.push(5)
        l.push(6)
    
        l.remove(19)
        m = '[5, 6]'
>       assert str(l).strip() == m
E       AssertionError: assert '[5]' == '[5, 6]'
E         - [5]
E         + [5, 6]

test_student.py:51: AssertionError
____________________________________________________________________________ test_s_get_3 _____________________________________________________________________________

    def test_s_get_3():
        l = LinkedList()
        l.push(10)
        l.push(11)
        l.push(12)
        l.pop()
        try:
>           l.get(2)

test_student.py:77: 
_ _ _ _ _ _ _ _ _ _ _ _ _ _ _ _ _ _ _ _ _ _ _ _ _ _ _ _ _ _ _ _ _ _ _ _ _ _ _ _ _ _ _ _ _ _ _ _ _ _ _ _ _ _ _ _ _ _ _ _ _ _ _ _ _ _ _ _ _ _ _ _ _ _ _ _ _ _ _ _ _ _ _ _

self = <a03.LinkedList object at 0x000001927933B5C0>, index = 2

    def get(self,index):
        self.index = index
        temp = self.head
    
    
        counter = 0
        while counter != index:
            temp = temp.next
            counter += 1
    
        if counter > index:
            raise IndexError("Out of b")
    
>       val = temp.val
E       AttributeError: 'NoneType' object has no attribute 'val'

a03.py:67: AttributeError
================================================================= 3 failed, 5 passed in 0.14 seconds ==================================================================
========================================================================= test session starts =========================================================================
platform win32 -- Python 3.7.3, pytest-4.3.1, py-1.8.0, pluggy-0.9.0
rootdir: C:\Users\Owner\Downloads\assignment3, inifile:
plugins: timeout-1.3.3, remotedata-0.3.1, openfiles-0.3.2, doctestplus-0.3.0, arraydiff-0.3
timeout: 3.0s
timeout method: thread
timeout func_only: False
collected 8 items

test_student.py ...FF..F                                                                                                                                         [100%]

============================================================================== FAILURES ===============================================================================
___________________________________________________________________________ test_s_remove_1 ___________________________________________________________________________

    def test_s_remove_1():
        l = LinkedList()
        l.push(5)
        l.push(6)
    
        l.remove(5)
        m = '[6]'
>       assert str(l).strip() == m
E       AssertionError: assert '[5,6]' == '[6]'
E         - [5,6]
E         ?  --
E         + [6]

test_student.py:30: AssertionError
___________________________________________________________________________ test_s_remove_2 ___________________________________________________________________________

    def test_s_remove_2():
        l = LinkedList()
        l.push(5)
        l.push(6)
    
>       l.remove(19)

test_student.py:49: 
_ _ _ _ _ _ _ _ _ _ _ _ _ _ _ _ _ _ _ _ _ _ _ _ _ _ _ _ _ _ _ _ _ _ _ _ _ _ _ _ _ _ _ _ _ _ _ _ _ _ _ _ _ _ _ _ _ _ _ _ _ _ _ _ _ _ _ _ _ _ _ _ _ _ _ _ _ _ _ _ _ _ _ _

self = <a03.LinkedList object at 0x0000029335086438>, val = 19

    def remove(self, val):
        temp = self.head
    
    
        if temp is None:
            return
    
        if temp is not None: #to check if head is the same as val
            if temp.val == val:
                self.head == temp.next
                return
    
        while temp is not None:
            if temp.val == val:
                break
    
            prev = temp
            temp = temp.next
    
>           prev.next = temp.next
E           AttributeError: 'NoneType' object has no attribute 'next'

a03.py:102: AttributeError
____________________________________________________________________________ test_s_get_3 _____________________________________________________________________________

    def test_s_get_3():
        l = LinkedList()
        l.push(10)
        l.push(11)
        l.push(12)
        l.pop()
        try:
>           l.get(2)

test_student.py:77: 
_ _ _ _ _ _ _ _ _ _ _ _ _ _ _ _ _ _ _ _ _ _ _ _ _ _ _ _ _ _ _ _ _ _ _ _ _ _ _ _ _ _ _ _ _ _ _ _ _ _ _ _ _ _ _ _ _ _ _ _ _ _ _ _ _ _ _ _ _ _ _ _ _ _ _ _ _ _ _ _ _ _ _ _

self = <a03.LinkedList object at 0x00000293350C7A58>, index = 2

    def get(self,index):
        self.index = index
        temp = self.head
    
    
        counter = 0
        while counter != index:
            temp = temp.next
            counter += 1
    
        if counter > index:
            raise IndexError("Out of b")
    
>       val = temp.val
E       AttributeError: 'NoneType' object has no attribute 'val'

a03.py:67: AttributeError
================================================================= 3 failed, 5 passed in 0.14 seconds ==================================================================
========================================================================= test session starts =========================================================================
platform win32 -- Python 3.7.3, pytest-4.3.1, py-1.8.0, pluggy-0.9.0
rootdir: C:\Users\Owner\Downloads\assignment3, inifile:
plugins: timeout-1.3.3, remotedata-0.3.1, openfiles-0.3.2, doctestplus-0.3.0, arraydiff-0.3
timeout: 3.0s
timeout method: thread
timeout func_only: False
collected 8 items

test_student.py ...FF..F                                                                                                                                         [100%]

============================================================================== FAILURES ===============================================================================
___________________________________________________________________________ test_s_remove_1 ___________________________________________________________________________

    def test_s_remove_1():
        l = LinkedList()
        l.push(5)
        l.push(6)
    
        l.remove(5)
        m = '[6]'
>       assert str(l).strip() == m
E       AssertionError: assert '[5,6]' == '[6]'
E         - [5,6]
E         ?  --
E         + [6]

test_student.py:30: AssertionError
___________________________________________________________________________ test_s_remove_2 ___________________________________________________________________________

    def test_s_remove_2():
        l = LinkedList()
        l.push(5)
        l.push(6)
    
        l.remove(19)
        m = '[5, 6]'
>       assert str(l).strip() == m
E       AssertionError: assert '[5,6]' == '[5, 6]'
E         - [5,6]
E         + [5, 6]
E         ?    +

test_student.py:51: AssertionError
____________________________________________________________________________ test_s_get_3 _____________________________________________________________________________

    def test_s_get_3():
        l = LinkedList()
        l.push(10)
        l.push(11)
        l.push(12)
        l.pop()
        try:
>           l.get(2)

test_student.py:77: 
_ _ _ _ _ _ _ _ _ _ _ _ _ _ _ _ _ _ _ _ _ _ _ _ _ _ _ _ _ _ _ _ _ _ _ _ _ _ _ _ _ _ _ _ _ _ _ _ _ _ _ _ _ _ _ _ _ _ _ _ _ _ _ _ _ _ _ _ _ _ _ _ _ _ _ _ _ _ _ _ _ _ _ _

self = <a03.LinkedList object at 0x00000243DD57A550>, index = 2

    def get(self,index):
        self.index = index
        temp = self.head
    
    
        counter = 0
        while counter != index:
            temp = temp.next
            counter += 1
    
        if counter > index:
            raise IndexError("Out of b")
    
>       val = temp.val
E       AttributeError: 'NoneType' object has no attribute 'val'

a03.py:67: AttributeError
================================================================= 3 failed, 5 passed in 0.14 seconds ==================================================================
========================================================================= test session starts =========================================================================
platform win32 -- Python 3.7.3, pytest-4.3.1, py-1.8.0, pluggy-0.9.0
rootdir: C:\Users\Owner\Downloads\assignment3, inifile:
plugins: timeout-1.3.3, remotedata-0.3.1, openfiles-0.3.2, doctestplus-0.3.0, arraydiff-0.3
timeout: 3.0s
timeout method: thread
timeout func_only: False
collected 8 items

test_student.py ...FF..F                                                                                                                                         [100%]

============================================================================== FAILURES ===============================================================================
___________________________________________________________________________ test_s_remove_1 ___________________________________________________________________________

    def test_s_remove_1():
        l = LinkedList()
        l.push(5)
        l.push(6)
    
        l.remove(5)
        m = '[6]'
>       assert str(l).strip() == m
E       AssertionError: assert '[5,6]' == '[6]'
E         - [5,6]
E         ?  --
E         + [6]

test_student.py:30: AssertionError
___________________________________________________________________________ test_s_remove_2 ___________________________________________________________________________

    def test_s_remove_2():
        l = LinkedList()
        l.push(5)
        l.push(6)
    
        l.remove(19)
        m = '[5, 6]'
>       assert str(l).strip() == m
E       AssertionError: assert '[5,6]' == '[5, 6]'
E         - [5,6]
E         + [5, 6]
E         ?    +

test_student.py:51: AssertionError
____________________________________________________________________________ test_s_get_3 _____________________________________________________________________________

    def test_s_get_3():
        l = LinkedList()
        l.push(10)
        l.push(11)
        l.push(12)
        l.pop()
        try:
>           l.get(2)

test_student.py:77: 
_ _ _ _ _ _ _ _ _ _ _ _ _ _ _ _ _ _ _ _ _ _ _ _ _ _ _ _ _ _ _ _ _ _ _ _ _ _ _ _ _ _ _ _ _ _ _ _ _ _ _ _ _ _ _ _ _ _ _ _ _ _ _ _ _ _ _ _ _ _ _ _ _ _ _ _ _ _ _ _ _ _ _ _

self = <a03.LinkedList object at 0x0000024259BFB6A0>, index = 2

    def get(self,index):
        self.index = index
        temp = self.head
    
    
        counter = 0
        while counter != index:
    
            counter += 1
            temp = temp.next
    
>       return temp.val
E       AttributeError: 'NoneType' object has no attribute 'val'

a03.py:65: AttributeError
================================================================= 3 failed, 5 passed in 0.14 seconds ==================================================================
========================================================================= test session starts =========================================================================
platform win32 -- Python 3.7.3, pytest-4.3.1, py-1.8.0, pluggy-0.9.0
rootdir: C:\Users\Owner\Downloads\assignment3, inifile:
plugins: timeout-1.3.3, remotedata-0.3.1, openfiles-0.3.2, doctestplus-0.3.0, arraydiff-0.3
timeout: 3.0s
timeout method: thread
timeout func_only: False
collected 8 items

test_student.py ...FF..F                                                                                                                                         [100%]

============================================================================== FAILURES ===============================================================================
___________________________________________________________________________ test_s_remove_1 ___________________________________________________________________________

    def test_s_remove_1():
        l = LinkedList()
        l.push(5)
        l.push(6)
    
        l.remove(5)
        m = '[6]'
>       assert str(l).strip() == m
E       AssertionError: assert '[5,6]' == '[6]'
E         - [5,6]
E         ?  --
E         + [6]

test_student.py:30: AssertionError
___________________________________________________________________________ test_s_remove_2 ___________________________________________________________________________

    def test_s_remove_2():
        l = LinkedList()
        l.push(5)
        l.push(6)
    
        l.remove(19)
        m = '[5, 6]'
>       assert str(l).strip() == m
E       AssertionError: assert '[5,6]' == '[5, 6]'
E         - [5,6]
E         + [5, 6]
E         ?    +

test_student.py:51: AssertionError
____________________________________________________________________________ test_s_get_3 _____________________________________________________________________________

    def test_s_get_3():
        l = LinkedList()
        l.push(10)
        l.push(11)
        l.push(12)
        l.pop()
        try:
>           l.get(2)

test_student.py:77: 
_ _ _ _ _ _ _ _ _ _ _ _ _ _ _ _ _ _ _ _ _ _ _ _ _ _ _ _ _ _ _ _ _ _ _ _ _ _ _ _ _ _ _ _ _ _ _ _ _ _ _ _ _ _ _ _ _ _ _ _ _ _ _ _ _ _ _ _ _ _ _ _ _ _ _ _ _ _ _ _ _ _ _ _

self = <a03.LinkedList object at 0x000001F393D2C630>, index = 2

    def get(self,index):
        self.index = index
        temp = self.head
    
    
        counter = 0
        while counter != index:
    
            counter += 1
            temp = temp.next
    
>       return temp.val
E       AttributeError: 'NoneType' object has no attribute 'val'

a03.py:65: AttributeError
================================================================= 3 failed, 5 passed in 0.14 seconds ==================================================================
========================================================================= test session starts =========================================================================
platform win32 -- Python 3.7.3, pytest-4.3.1, py-1.8.0, pluggy-0.9.0
rootdir: C:\Users\Owner\Downloads\assignment3, inifile:
plugins: timeout-1.3.3, remotedata-0.3.1, openfiles-0.3.2, doctestplus-0.3.0, arraydiff-0.3
timeout: 3.0s
timeout method: thread
timeout func_only: False
collected 8 items

test_student.py ...FFFFF                                                                                                                                         [100%]

============================================================================== FAILURES ===============================================================================
___________________________________________________________________________ test_s_remove_1 ___________________________________________________________________________

    def test_s_remove_1():
        l = LinkedList()
        l.push(5)
        l.push(6)
    
        l.remove(5)
        m = '[6]'
>       assert str(l).strip() == m
E       AssertionError: assert '[5,6]' == '[6]'
E         - [5,6]
E         ?  --
E         + [6]

test_student.py:30: AssertionError
___________________________________________________________________________ test_s_remove_2 ___________________________________________________________________________

    def test_s_remove_2():
        l = LinkedList()
        l.push(5)
        l.push(6)
    
        l.remove(19)
        m = '[5, 6]'
>       assert str(l).strip() == m
E       AssertionError: assert '[5,6]' == '[5, 6]'
E         - [5,6]
E         + [5, 6]
E         ?    +

test_student.py:51: AssertionError
____________________________________________________________________________ test_s_get_1 _____________________________________________________________________________

    def test_s_get_1():
        l = LinkedList()
        l.push(10)
        l.push(11)
        l.push(12)
>       assert l.get(0) == 10

test_student.py:59: 
_ _ _ _ _ _ _ _ _ _ _ _ _ _ _ _ _ _ _ _ _ _ _ _ _ _ _ _ _ _ _ _ _ _ _ _ _ _ _ _ _ _ _ _ _ _ _ _ _ _ _ _ _ _ _ _ _ _ _ _ _ _ _ _ _ _ _ _ _ _ _ _ _ _ _ _ _ _ _ _ _ _ _ _

self = <a03.LinkedList object at 0x0000028B06B2B2B0>, index = 0

    def get(self,index):
        # self.index = index
        temp = self.head
    
        counter = 0
        while temp is not None:
    
            counter += 1
            prev = temp
            temp = temp.next
    
>       return temp.val
E       AttributeError: 'NoneType' object has no attribute 'val'

a03.py:65: AttributeError
____________________________________________________________________________ test_s_get_2 _____________________________________________________________________________

    def test_s_get_2():
        l = LinkedList()
        l.push(10)
        l.push(11)
        l.push(12)
>       assert l.get(1) == 11

test_student.py:67: 
_ _ _ _ _ _ _ _ _ _ _ _ _ _ _ _ _ _ _ _ _ _ _ _ _ _ _ _ _ _ _ _ _ _ _ _ _ _ _ _ _ _ _ _ _ _ _ _ _ _ _ _ _ _ _ _ _ _ _ _ _ _ _ _ _ _ _ _ _ _ _ _ _ _ _ _ _ _ _ _ _ _ _ _

self = <a03.LinkedList object at 0x0000028B06B28320>, index = 1

    def get(self,index):
        # self.index = index
        temp = self.head
    
        counter = 0
        while temp is not None:
    
            counter += 1
            prev = temp
            temp = temp.next
    
>       return temp.val
E       AttributeError: 'NoneType' object has no attribute 'val'

a03.py:65: AttributeError
____________________________________________________________________________ test_s_get_3 _____________________________________________________________________________

    def test_s_get_3():
        l = LinkedList()
        l.push(10)
        l.push(11)
        l.push(12)
        l.pop()
        try:
>           l.get(2)

test_student.py:77: 
_ _ _ _ _ _ _ _ _ _ _ _ _ _ _ _ _ _ _ _ _ _ _ _ _ _ _ _ _ _ _ _ _ _ _ _ _ _ _ _ _ _ _ _ _ _ _ _ _ _ _ _ _ _ _ _ _ _ _ _ _ _ _ _ _ _ _ _ _ _ _ _ _ _ _ _ _ _ _ _ _ _ _ _

self = <a03.LinkedList object at 0x0000028B06B4A3C8>, index = 2

    def get(self,index):
        # self.index = index
        temp = self.head
    
        counter = 0
        while temp is not None:
    
            counter += 1
            prev = temp
            temp = temp.next
    
>       return temp.val
E       AttributeError: 'NoneType' object has no attribute 'val'

a03.py:65: AttributeError
================================================================= 5 failed, 3 passed in 0.18 seconds ==================================================================
========================================================================= test session starts =========================================================================
platform win32 -- Python 3.7.3, pytest-4.3.1, py-1.8.0, pluggy-0.9.0
rootdir: C:\Users\Owner\Downloads\assignment3, inifile:
plugins: timeout-1.3.3, remotedata-0.3.1, openfiles-0.3.2, doctestplus-0.3.0, arraydiff-0.3
timeout: 3.0s
timeout method: thread
timeout func_only: False
collected 8 items

test_student.py ...FF..F                                                                                                                                         [100%]

============================================================================== FAILURES ===============================================================================
___________________________________________________________________________ test_s_remove_1 ___________________________________________________________________________

    def test_s_remove_1():
        l = LinkedList()
        l.push(5)
        l.push(6)
    
        l.remove(5)
        m = '[6]'
>       assert str(l).strip() == m
E       AssertionError: assert '[5,6]' == '[6]'
E         - [5,6]
E         ?  --
E         + [6]

test_student.py:30: AssertionError
___________________________________________________________________________ test_s_remove_2 ___________________________________________________________________________

    def test_s_remove_2():
        l = LinkedList()
        l.push(5)
        l.push(6)
    
        l.remove(19)
        m = '[5, 6]'
>       assert str(l).strip() == m
E       AssertionError: assert '[5,6]' == '[5, 6]'
E         - [5,6]
E         + [5, 6]
E         ?    +

test_student.py:51: AssertionError
____________________________________________________________________________ test_s_get_3 _____________________________________________________________________________

    def test_s_get_3():
        l = LinkedList()
        l.push(10)
        l.push(11)
        l.push(12)
        l.pop()
        try:
>           l.get(2)

test_student.py:77: 
_ _ _ _ _ _ _ _ _ _ _ _ _ _ _ _ _ _ _ _ _ _ _ _ _ _ _ _ _ _ _ _ _ _ _ _ _ _ _ _ _ _ _ _ _ _ _ _ _ _ _ _ _ _ _ _ _ _ _ _ _ _ _ _ _ _ _ _ _ _ _ _ _ _ _ _ _ _ _ _ _ _ _ _

self = <a03.LinkedList object at 0x000001A53C93B6A0>, index = 2

    def get(self,index):
        # self.index = index
        temp = self.head
    
        counter = 0
        while counter != index:
    
            counter += 1
            prev = temp
            temp = temp.next
    
>       return temp.val
E       AttributeError: 'NoneType' object has no attribute 'val'

a03.py:65: AttributeError
================================================================= 3 failed, 5 passed in 0.15 seconds ==================================================================
========================================================================= test session starts =========================================================================
platform win32 -- Python 3.7.3, pytest-4.3.1, py-1.8.0, pluggy-0.9.0
rootdir: C:\Users\Owner\Downloads\assignment3, inifile:
plugins: timeout-1.3.3, remotedata-0.3.1, openfiles-0.3.2, doctestplus-0.3.0, arraydiff-0.3
timeout: 3.0s
timeout method: thread
timeout func_only: False
collected 8 items

test_student.py ...FF..F                                                                                                                                         [100%]

============================================================================== FAILURES ===============================================================================
___________________________________________________________________________ test_s_remove_1 ___________________________________________________________________________

    def test_s_remove_1():
        l = LinkedList()
        l.push(5)
        l.push(6)
    
        l.remove(5)
        m = '[6]'
>       assert str(l).strip() == m
E       AssertionError: assert '[5,6]' == '[6]'
E         - [5,6]
E         ?  --
E         + [6]

test_student.py:30: AssertionError
___________________________________________________________________________ test_s_remove_2 ___________________________________________________________________________

    def test_s_remove_2():
        l = LinkedList()
        l.push(5)
        l.push(6)
    
        l.remove(19)
        m = '[5, 6]'
>       assert str(l).strip() == m
E       AssertionError: assert '[5,6]' == '[5, 6]'
E         - [5,6]
E         + [5, 6]
E         ?    +

test_student.py:51: AssertionError
____________________________________________________________________________ test_s_get_3 _____________________________________________________________________________

    def test_s_get_3():
        l = LinkedList()
        l.push(10)
        l.push(11)
        l.push(12)
        l.pop()
        try:
>           l.get(2)

test_student.py:77: 
_ _ _ _ _ _ _ _ _ _ _ _ _ _ _ _ _ _ _ _ _ _ _ _ _ _ _ _ _ _ _ _ _ _ _ _ _ _ _ _ _ _ _ _ _ _ _ _ _ _ _ _ _ _ _ _ _ _ _ _ _ _ _ _ _ _ _ _ _ _ _ _ _ _ _ _ _ _ _ _ _ _ _ _

self = <a03.LinkedList object at 0x000001E12972B748>, index = 2

    def get(self,index):
        # self.index = index
        temp = self.head
    
        counter = 0
        while counter < index:
    
            counter += 1
            prev = temp
            temp = temp.next
    
>       return temp.val
E       AttributeError: 'NoneType' object has no attribute 'val'

a03.py:65: AttributeError
================================================================= 3 failed, 5 passed in 0.14 seconds ==================================================================
================================================= test session starts =================================================
platform win32 -- Python 3.7.3, pytest-4.3.1, py-1.8.0, pluggy-0.9.0
rootdir: C:\Users\Owner\Downloads\assignment3, inifile:
plugins: timeout-1.3.3, remotedata-0.3.1, openfiles-0.3.2, doctestplus-0.3.0, arraydiff-0.3
timeout: 3.0s
timeout method: thread
timeout func_only: False
collected 8 items

test_student.py ...FF..F                                                                                         [100%]

====================================================== FAILURES =======================================================
___________________________________________________ test_s_remove_1 ___________________________________________________

    def test_s_remove_1():
        l = LinkedList()
        l.push(5)
        l.push(6)
    
        l.remove(5)
        m = '[6]'
>       assert str(l).strip() == m
E       AssertionError: assert '[5,6]' == '[6]'
E         - [5,6]
E         ?  --
E         + [6]

test_student.py:30: AssertionError
___________________________________________________ test_s_remove_2 ___________________________________________________

    def test_s_remove_2():
        l = LinkedList()
        l.push(5)
        l.push(6)
    
        l.remove(19)
        m = '[5, 6]'
>       assert str(l).strip() == m
E       AssertionError: assert '[5,6]' == '[5, 6]'
E         - [5,6]
E         + [5, 6]
E         ?    +

test_student.py:51: AssertionError
____________________________________________________ test_s_get_3 _____________________________________________________

    def test_s_get_3():
        l = LinkedList()
        l.push(10)
        l.push(11)
        l.push(12)
        l.pop()
        try:
>           l.get(2)

test_student.py:77: 
_ _ _ _ _ _ _ _ _ _ _ _ _ _ _ _ _ _ _ _ _ _ _ _ _ _ _ _ _ _ _ _ _ _ _ _ _ _ _ _ _ _ _ _ _ _ _ _ _ _ _ _ _ _ _ _ _ _ _ _

self = <a03.LinkedList object at 0x000001C63FBBC6D8>, index = 2

    def get(self,index):
        # self.index = index
        temp = self.head
    
        counter = 0
        while counter < index:
    
            counter += 1
            prev = temp
            temp = temp.next
    
>       return temp.val
E       AttributeError: 'NoneType' object has no attribute 'val'

a03.py:65: AttributeError
========================================= 3 failed, 5 passed in 0.14 seconds ==========================================
================================================= test session starts =================================================
platform win32 -- Python 3.7.3, pytest-4.3.1, py-1.8.0, pluggy-0.9.0
rootdir: C:\Users\Owner\Downloads\assignment3, inifile:
plugins: timeout-1.3.3, remotedata-0.3.1, openfiles-0.3.2, doctestplus-0.3.0, arraydiff-0.3
timeout: 3.0s
timeout method: thread
timeout func_only: False
collected 8 items

test_student.py ...FF..F                                                                                         [100%]

====================================================== FAILURES =======================================================
___________________________________________________ test_s_remove_1 ___________________________________________________

    def test_s_remove_1():
        l = LinkedList()
        l.push(5)
        l.push(6)
    
        l.remove(5)
        m = '[6]'
>       assert str(l).strip() == m
E       AssertionError: assert '[5,6]' == '[6]'
E         - [5,6]
E         ?  --
E         + [6]

test_student.py:30: AssertionError
___________________________________________________ test_s_remove_2 ___________________________________________________

    def test_s_remove_2():
        l = LinkedList()
        l.push(5)
        l.push(6)
    
        l.remove(19)
        m = '[5, 6]'
>       assert str(l).strip() == m
E       AssertionError: assert '[5,6]' == '[5, 6]'
E         - [5,6]
E         + [5, 6]
E         ?    +

test_student.py:51: AssertionError
____________________________________________________ test_s_get_3 _____________________________________________________

    def test_s_get_3():
        l = LinkedList()
        l.push(10)
        l.push(11)
        l.push(12)
        l.pop()
        try:
>           l.get(2)

test_student.py:77: 
_ _ _ _ _ _ _ _ _ _ _ _ _ _ _ _ _ _ _ _ _ _ _ _ _ _ _ _ _ _ _ _ _ _ _ _ _ _ _ _ _ _ _ _ _ _ _ _ _ _ _ _ _ _ _ _ _ _ _ _

self = <a03.LinkedList object at 0x000002140601C6D8>, index = 2

    def get(self,index):
        # self.index = index
        temp = self.head
        counter = 0
    
    
        while counter != index:
    
            counter += 1
            prev = temp
            temp = temp.next
    
>       return temp.val
E       AttributeError: 'NoneType' object has no attribute 'val'

a03.py:66: AttributeError
========================================= 3 failed, 5 passed in 0.14 seconds ==========================================
================================================= test session starts =================================================
platform win32 -- Python 3.7.3, pytest-4.3.1, py-1.8.0, pluggy-0.9.0
rootdir: C:\Users\Owner\Downloads\assignment3, inifile:
plugins: timeout-1.3.3, remotedata-0.3.1, openfiles-0.3.2, doctestplus-0.3.0, arraydiff-0.3
timeout: 3.0s
timeout method: thread
timeout func_only: False
collected 8 items

test_student.py ...FF..F                                                                                         [100%]

====================================================== FAILURES =======================================================
___________________________________________________ test_s_remove_1 ___________________________________________________

    def test_s_remove_1():
        l = LinkedList()
        l.push(5)
        l.push(6)
    
        l.remove(5)
        m = '[6]'
>       assert str(l).strip() == m
E       AssertionError: assert '[5,6]' == '[6]'
E         - [5,6]
E         ?  --
E         + [6]

test_student.py:30: AssertionError
___________________________________________________ test_s_remove_2 ___________________________________________________

    def test_s_remove_2():
        l = LinkedList()
        l.push(5)
        l.push(6)
    
        l.remove(19)
        m = '[5, 6]'
>       assert str(l).strip() == m
E       AssertionError: assert '[5,6]' == '[5, 6]'
E         - [5,6]
E         + [5, 6]
E         ?    +

test_student.py:51: AssertionError
____________________________________________________ test_s_get_3 _____________________________________________________

    def test_s_get_3():
        l = LinkedList()
        l.push(10)
        l.push(11)
        l.push(12)
        l.pop()
        try:
>           l.get(2)

test_student.py:77: 
_ _ _ _ _ _ _ _ _ _ _ _ _ _ _ _ _ _ _ _ _ _ _ _ _ _ _ _ _ _ _ _ _ _ _ _ _ _ _ _ _ _ _ _ _ _ _ _ _ _ _ _ _ _ _ _ _ _ _ _

self = <a03.LinkedList object at 0x00000159EB3AB710>, index = 2

    def get(self,index):
        # self.index = index
        temp = self.head
        counter = 0
    
    
        while counter != index:
    
            counter += 1
            prev = temp
            temp = temp.next
    
>       return temp.val
E       AttributeError: 'NoneType' object has no attribute 'val'

a03.py:66: AttributeError
========================================= 3 failed, 5 passed in 0.13 seconds ==========================================
================================================= test session starts =================================================
platform win32 -- Python 3.7.3, pytest-4.3.1, py-1.8.0, pluggy-0.9.0
rootdir: C:\Users\Owner\Downloads\assignment3, inifile:
plugins: timeout-1.3.3, remotedata-0.3.1, openfiles-0.3.2, doctestplus-0.3.0, arraydiff-0.3
timeout: 3.0s
timeout method: thread
timeout func_only: False
collected 8 items

test_student.py ...FF..F                                                                                         [100%]

====================================================== FAILURES =======================================================
___________________________________________________ test_s_remove_1 ___________________________________________________

    def test_s_remove_1():
        l = LinkedList()
        l.push(5)
        l.push(6)
    
        l.remove(5)
        m = '[6]'
>       assert str(l).strip() == m
E       AssertionError: assert '[5 ,6 ]' == '[6]'
E         - [5 ,6 ]
E         + [6]

test_student.py:30: AssertionError
___________________________________________________ test_s_remove_2 ___________________________________________________

    def test_s_remove_2():
        l = LinkedList()
        l.push(5)
        l.push(6)
    
        l.remove(19)
        m = '[5, 6]'
>       assert str(l).strip() == m
E       AssertionError: assert '[5 ,6 ]' == '[5, 6]'
E         - [5 ,6 ]
E         ?   -  -
E         + [5, 6]
E         ?    +

test_student.py:51: AssertionError
____________________________________________________ test_s_get_3 _____________________________________________________

    def test_s_get_3():
        l = LinkedList()
        l.push(10)
        l.push(11)
        l.push(12)
        l.pop()
        try:
>           l.get(2)

test_student.py:77: 
_ _ _ _ _ _ _ _ _ _ _ _ _ _ _ _ _ _ _ _ _ _ _ _ _ _ _ _ _ _ _ _ _ _ _ _ _ _ _ _ _ _ _ _ _ _ _ _ _ _ _ _ _ _ _ _ _ _ _ _

self = <a03.LinkedList object at 0x0000020566FFA668>, index = 2

    def get(self,index):
        # self.index = index
        temp = self.head
        counter = 0
    
    
        while counter != index:
    
            counter += 1
            prev = temp
            temp = temp.next
    
>       return temp.val
E       AttributeError: 'NoneType' object has no attribute 'val'

a03.py:66: AttributeError
========================================= 3 failed, 5 passed in 0.14 seconds ==========================================
================================================= test session starts =================================================
platform win32 -- Python 3.7.3, pytest-4.3.1, py-1.8.0, pluggy-0.9.0
rootdir: C:\Users\Owner\Downloads\assignment3, inifile:
plugins: timeout-1.3.3, remotedata-0.3.1, openfiles-0.3.2, doctestplus-0.3.0, arraydiff-0.3
timeout: 3.0s
timeout method: thread
timeout func_only: False
collected 8 items

test_student.py ...FF..F                                                                                         [100%]

====================================================== FAILURES =======================================================
___________________________________________________ test_s_remove_1 ___________________________________________________

    def test_s_remove_1():
        l = LinkedList()
        l.push(5)
        l.push(6)
    
        l.remove(5)
        m = '[6]'
>       assert str(l).strip() == m
E       AssertionError: assert '[5, 6, ]' == '[6]'
E         - [5, 6, ]
E         + [6]

test_student.py:30: AssertionError
___________________________________________________ test_s_remove_2 ___________________________________________________

    def test_s_remove_2():
        l = LinkedList()
        l.push(5)
        l.push(6)
    
        l.remove(19)
        m = '[5, 6]'
>       assert str(l).strip() == m
E       AssertionError: assert '[5, 6, ]' == '[5, 6]'
E         - [5, 6, ]
E         ?      --
E         + [5, 6]

test_student.py:51: AssertionError
____________________________________________________ test_s_get_3 _____________________________________________________

    def test_s_get_3():
        l = LinkedList()
        l.push(10)
        l.push(11)
        l.push(12)
        l.pop()
        try:
>           l.get(2)

test_student.py:77: 
_ _ _ _ _ _ _ _ _ _ _ _ _ _ _ _ _ _ _ _ _ _ _ _ _ _ _ _ _ _ _ _ _ _ _ _ _ _ _ _ _ _ _ _ _ _ _ _ _ _ _ _ _ _ _ _ _ _ _ _

self = <a03.LinkedList object at 0x00000230105DB630>, index = 2

    def get(self,index):
        # self.index = index
        temp = self.head
        counter = 0
    
    
        while counter != index:
    
            counter += 1
            prev = temp
            temp = temp.next
    
>       return temp.val
E       AttributeError: 'NoneType' object has no attribute 'val'

a03.py:66: AttributeError
========================================= 3 failed, 5 passed in 0.14 seconds ==========================================
================================================= test session starts =================================================
platform win32 -- Python 3.7.3, pytest-4.3.1, py-1.8.0, pluggy-0.9.0
rootdir: C:\Users\Owner\Downloads\assignment3, inifile:
plugins: timeout-1.3.3, remotedata-0.3.1, openfiles-0.3.2, doctestplus-0.3.0, arraydiff-0.3
timeout: 3.0s
timeout method: thread
timeout func_only: False
collected 8 items

test_student.py ...F...F                                                                                         [100%]

====================================================== FAILURES =======================================================
___________________________________________________ test_s_remove_1 ___________________________________________________

    def test_s_remove_1():
        l = LinkedList()
        l.push(5)
        l.push(6)
    
        l.remove(5)
        m = '[6]'
>       assert str(l).strip() == m
E       AssertionError: assert '[5, 6]' == '[6]'
E         - [5, 6]
E         + [6]

test_student.py:30: AssertionError
____________________________________________________ test_s_get_3 _____________________________________________________

    def test_s_get_3():
        l = LinkedList()
        l.push(10)
        l.push(11)
        l.push(12)
        l.pop()
        try:
>           l.get(2)

test_student.py:77: 
_ _ _ _ _ _ _ _ _ _ _ _ _ _ _ _ _ _ _ _ _ _ _ _ _ _ _ _ _ _ _ _ _ _ _ _ _ _ _ _ _ _ _ _ _ _ _ _ _ _ _ _ _ _ _ _ _ _ _ _

self = <a03.LinkedList object at 0x0000024A891E7B70>, index = 2

    def get(self,index):
        # self.index = index
        temp = self.head
        counter = 0
    
    
        while counter != index:
    
            counter += 1
            prev = temp
            temp = temp.next
    
>       return temp.val
E       AttributeError: 'NoneType' object has no attribute 'val'

a03.py:66: AttributeError
========================================= 2 failed, 6 passed in 0.13 seconds ==========================================
================================================= test session starts =================================================
platform win32 -- Python 3.7.3, pytest-4.3.1, py-1.8.0, pluggy-0.9.0
rootdir: C:\Users\Owner\Downloads\assignment3, inifile:
plugins: timeout-1.3.3, remotedata-0.3.1, openfiles-0.3.2, doctestplus-0.3.0, arraydiff-0.3
timeout: 3.0s
timeout method: thread
timeout func_only: False
collected 8 items

test_student.py ...F...F                                                                                         [100%]

====================================================== FAILURES =======================================================
___________________________________________________ test_s_remove_1 ___________________________________________________

    def test_s_remove_1():
        l = LinkedList()
        l.push(5)
        l.push(6)
    
        l.remove(5)
        m = '[6]'
>       assert str(l).strip() == m
E       AssertionError: assert '[5, 6]' == '[6]'
E         - [5, 6]
E         + [6]

test_student.py:30: AssertionError
------------------------------------------------ Captured stdout call -------------------------------------------------
found
____________________________________________________ test_s_get_3 _____________________________________________________

    def test_s_get_3():
        l = LinkedList()
        l.push(10)
        l.push(11)
        l.push(12)
        l.pop()
        try:
>           l.get(2)

test_student.py:77: 
_ _ _ _ _ _ _ _ _ _ _ _ _ _ _ _ _ _ _ _ _ _ _ _ _ _ _ _ _ _ _ _ _ _ _ _ _ _ _ _ _ _ _ _ _ _ _ _ _ _ _ _ _ _ _ _ _ _ _ _

self = <a03.LinkedList object at 0x000001E7C8756C88>, index = 2

    def get(self,index):
        # self.index = index
        temp = self.head
        counter = 0
    
    
        while counter != index:
    
            counter += 1
            prev = temp
            temp = temp.next
    
>       return temp.val
E       AttributeError: 'NoneType' object has no attribute 'val'

a03.py:66: AttributeError
========================================= 2 failed, 6 passed in 0.13 seconds ==========================================
================================================= test session starts =================================================
platform win32 -- Python 3.7.3, pytest-4.3.1, py-1.8.0, pluggy-0.9.0
rootdir: C:\Users\Owner\Downloads\assignment3, inifile:
plugins: timeout-1.3.3, remotedata-0.3.1, openfiles-0.3.2, doctestplus-0.3.0, arraydiff-0.3
timeout: 3.0s
timeout method: thread
timeout func_only: False
collected 8 items

test_student.py ...F...F                                                                                         [100%]

====================================================== FAILURES =======================================================
___________________________________________________ test_s_remove_1 ___________________________________________________

    def test_s_remove_1():
        l = LinkedList()
        l.push(5)
        l.push(6)
    
        l.remove(5)
        m = '[6]'
>       assert str(l).strip() == m
E       AssertionError: assert '[5, 6]' == '[6]'
E         - [5, 6]
E         + [6]

test_student.py:30: AssertionError
------------------------------------------------ Captured stdout call -------------------------------------------------
found
____________________________________________________ test_s_get_3 _____________________________________________________

    def test_s_get_3():
        l = LinkedList()
        l.push(10)
        l.push(11)
        l.push(12)
        l.pop()
        try:
>           l.get(2)

test_student.py:77: 
_ _ _ _ _ _ _ _ _ _ _ _ _ _ _ _ _ _ _ _ _ _ _ _ _ _ _ _ _ _ _ _ _ _ _ _ _ _ _ _ _ _ _ _ _ _ _ _ _ _ _ _ _ _ _ _ _ _ _ _

self = <a03.LinkedList object at 0x000001E2A9CB8B70>, index = 2

    def get(self,index):
        # self.index = index
        temp = self.head
        counter = 0
    
    
        while counter != index:
    
            counter += 1
            prev = temp
            temp = temp.next
    
>       return temp.val
E       AttributeError: 'NoneType' object has no attribute 'val'

a03.py:66: AttributeError
========================================= 2 failed, 6 passed in 0.13 seconds ==========================================
========================================================================= test session starts =========================================================================
platform win32 -- Python 3.7.3, pytest-4.3.1, py-1.8.0, pluggy-0.9.0
rootdir: C:\Users\Owner\Downloads\assignment3, inifile:
plugins: timeout-1.3.3, remotedata-0.3.1, openfiles-0.3.2, doctestplus-0.3.0, arraydiff-0.3
timeout: 3.0s
timeout method: thread
timeout func_only: False
collected 8 items

test_student.py .......F                                                                                                                                         [100%]

============================================================================== FAILURES ===============================================================================
____________________________________________________________________________ test_s_get_3 _____________________________________________________________________________

    def test_s_get_3():
        l = LinkedList()
        l.push(10)
        l.push(11)
        l.push(12)
        l.pop()
        try:
>           l.get(2)

test_student.py:77: 
_ _ _ _ _ _ _ _ _ _ _ _ _ _ _ _ _ _ _ _ _ _ _ _ _ _ _ _ _ _ _ _ _ _ _ _ _ _ _ _ _ _ _ _ _ _ _ _ _ _ _ _ _ _ _ _ _ _ _ _ _ _ _ _ _ _ _ _ _ _ _ _ _ _ _ _ _ _ _ _ _ _ _ _

self = <a03.LinkedList object at 0x000002B5418C4550>, index = 2

    def get(self,index):
        # self.index = index
        temp = self.head
        counter = 0
    
    
        while counter != index:
    
            counter += 1
            prev = temp
            temp = temp.next
    
>       return temp.val
E       AttributeError: 'NoneType' object has no attribute 'val'

a03.py:66: AttributeError
================================================================= 1 failed, 7 passed in 0.13 seconds ==================================================================
========================================================================= test session starts =========================================================================
platform win32 -- Python 3.7.3, pytest-4.3.1, py-1.8.0, pluggy-0.9.0
rootdir: C:\Users\Owner\Downloads\assignment3, inifile:
plugins: timeout-1.3.3, remotedata-0.3.1, openfiles-0.3.2, doctestplus-0.3.0, arraydiff-0.3
timeout: 3.0s
timeout method: thread
timeout func_only: False
collected 8 items

test_student.py .....FFF                                                                                                                                         [100%]

============================================================================== FAILURES ===============================================================================
____________________________________________________________________________ test_s_get_1 _____________________________________________________________________________

    def test_s_get_1():
        l = LinkedList()
        l.push(10)
        l.push(11)
        l.push(12)
>       assert l.get(0) == 10
E       assert None == 10
E        +  where None = <bound method LinkedList.get of <a03.LinkedList object at 0x000001BC47AD20F0>>(0)
E        +    where <bound method LinkedList.get of <a03.LinkedList object at 0x000001BC47AD20F0>> = <a03.LinkedList object at 0x000001BC47AD20F0>.get

test_student.py:59: AssertionError
____________________________________________________________________________ test_s_get_2 _____________________________________________________________________________

    def test_s_get_2():
        l = LinkedList()
        l.push(10)
        l.push(11)
        l.push(12)
>       assert l.get(1) == 11
E       assert None == 11
E        +  where None = <bound method LinkedList.get of <a03.LinkedList object at 0x000001BC47AD27F0>>(1)
E        +    where <bound method LinkedList.get of <a03.LinkedList object at 0x000001BC47AD27F0>> = <a03.LinkedList object at 0x000001BC47AD27F0>.get

test_student.py:67: AssertionError
____________________________________________________________________________ test_s_get_3 _____________________________________________________________________________

    def test_s_get_3():
        l = LinkedList()
        l.push(10)
        l.push(11)
        l.push(12)
        l.pop()
        try:
            l.get(2)
>           raise AssertionError("IndexError not raised as expected!")
E           AssertionError: IndexError not raised as expected!

test_student.py:78: AssertionError
================================================================= 3 failed, 5 passed in 0.15 seconds ==================================================================
========================================================================= test session starts =========================================================================
platform win32 -- Python 3.7.3, pytest-4.3.1, py-1.8.0, pluggy-0.9.0
rootdir: C:\Users\Owner\Downloads\assignment3, inifile:
plugins: timeout-1.3.3, remotedata-0.3.1, openfiles-0.3.2, doctestplus-0.3.0, arraydiff-0.3
timeout: 3.0s
timeout method: thread
timeout func_only: False
collected 8 items

test_student.py .......F                                                                                                                                         [100%]

============================================================================== FAILURES ===============================================================================
____________________________________________________________________________ test_s_get_3 _____________________________________________________________________________

    def test_s_get_3():
        l = LinkedList()
        l.push(10)
        l.push(11)
        l.push(12)
        l.pop()
        try:
>           l.get(2)

test_student.py:77: 
_ _ _ _ _ _ _ _ _ _ _ _ _ _ _ _ _ _ _ _ _ _ _ _ _ _ _ _ _ _ _ _ _ _ _ _ _ _ _ _ _ _ _ _ _ _ _ _ _ _ _ _ _ _ _ _ _ _ _ _ _ _ _ _ _ _ _ _ _ _ _ _ _ _ _ _ _ _ _ _ _ _ _ _

self = <a03.LinkedList object at 0x0000020632875470>, index = 2

    def get(self,index):
        # self.index = index
        temp = self.head
        counter = 0
    
    
        while counter != index:
    
            counter += 1
            prev = temp
            temp = temp.next
    
>       return temp.val
E       AttributeError: 'NoneType' object has no attribute 'val'

a03.py:66: AttributeError
================================================================= 1 failed, 7 passed in 0.13 seconds ==================================================================
========================================================================= test session starts =========================================================================
platform win32 -- Python 3.7.3, pytest-4.3.1, py-1.8.0, pluggy-0.9.0
rootdir: C:\Users\Owner\Downloads\assignment3, inifile:
plugins: timeout-1.3.3, remotedata-0.3.1, openfiles-0.3.2, doctestplus-0.3.0, arraydiff-0.3
timeout: 3.0s
timeout method: thread
timeout func_only: False
collected 8 items

test_student.py .....FFF                                                                                                                                         [100%]

============================================================================== FAILURES ===============================================================================
____________________________________________________________________________ test_s_get_1 _____________________________________________________________________________

    def test_s_get_1():
        l = LinkedList()
        l.push(10)
        l.push(11)
        l.push(12)
>       assert l.get(0) == 10

test_student.py:59: 
_ _ _ _ _ _ _ _ _ _ _ _ _ _ _ _ _ _ _ _ _ _ _ _ _ _ _ _ _ _ _ _ _ _ _ _ _ _ _ _ _ _ _ _ _ _ _ _ _ _ _ _ _ _ _ _ _ _ _ _ _ _ _ _ _ _ _ _ _ _ _ _ _ _ _ _ _ _ _ _ _ _ _ _

self = <a03.LinkedList object at 0x0000024DA6D66128>, index = 0

    def get(self,index):
        # self.index = index
        temp = self.head
        counter = 0
    
        length = self.len()
    
    
        while counter != length:
    
            counter += 1
            prev = temp
            temp = temp.next
    
>       return temp.val
E       AttributeError: 'NoneType' object has no attribute 'val'

a03.py:68: AttributeError
____________________________________________________________________________ test_s_get_2 _____________________________________________________________________________

    def test_s_get_2():
        l = LinkedList()
        l.push(10)
        l.push(11)
        l.push(12)
>       assert l.get(1) == 11

test_student.py:67: 
_ _ _ _ _ _ _ _ _ _ _ _ _ _ _ _ _ _ _ _ _ _ _ _ _ _ _ _ _ _ _ _ _ _ _ _ _ _ _ _ _ _ _ _ _ _ _ _ _ _ _ _ _ _ _ _ _ _ _ _ _ _ _ _ _ _ _ _ _ _ _ _ _ _ _ _ _ _ _ _ _ _ _ _

self = <a03.LinkedList object at 0x0000024DA6DB8518>, index = 1

    def get(self,index):
        # self.index = index
        temp = self.head
        counter = 0
    
        length = self.len()
    
    
        while counter != length:
    
            counter += 1
            prev = temp
            temp = temp.next
    
>       return temp.val
E       AttributeError: 'NoneType' object has no attribute 'val'

a03.py:68: AttributeError
____________________________________________________________________________ test_s_get_3 _____________________________________________________________________________

    def test_s_get_3():
        l = LinkedList()
        l.push(10)
        l.push(11)
        l.push(12)
        l.pop()
        try:
>           l.get(2)

test_student.py:77: 
_ _ _ _ _ _ _ _ _ _ _ _ _ _ _ _ _ _ _ _ _ _ _ _ _ _ _ _ _ _ _ _ _ _ _ _ _ _ _ _ _ _ _ _ _ _ _ _ _ _ _ _ _ _ _ _ _ _ _ _ _ _ _ _ _ _ _ _ _ _ _ _ _ _ _ _ _ _ _ _ _ _ _ _

self = <a03.LinkedList object at 0x0000024DA6DA9400>, index = 2

    def get(self,index):
        # self.index = index
        temp = self.head
        counter = 0
    
        length = self.len()
    
    
        while counter != length:
    
            counter += 1
            prev = temp
            temp = temp.next
    
>       return temp.val
E       AttributeError: 'NoneType' object has no attribute 'val'

a03.py:68: AttributeError
================================================================= 3 failed, 5 passed in 0.15 seconds ==================================================================
========================================================================= test session starts =========================================================================
platform win32 -- Python 3.7.3, pytest-4.3.1, py-1.8.0, pluggy-0.9.0
rootdir: C:\Users\Owner\Downloads\assignment3, inifile:
plugins: timeout-1.3.3, remotedata-0.3.1, openfiles-0.3.2, doctestplus-0.3.0, arraydiff-0.3
timeout: 3.0s
timeout method: thread
timeout func_only: False
collected 8 items

test_student.py .......F                                                                                                                                         [100%]

============================================================================== FAILURES ===============================================================================
____________________________________________________________________________ test_s_get_3 _____________________________________________________________________________

    def test_s_get_3():
        l = LinkedList()
        l.push(10)
        l.push(11)
        l.push(12)
        l.pop()
        try:
>           l.get(2)

test_student.py:77: 
_ _ _ _ _ _ _ _ _ _ _ _ _ _ _ _ _ _ _ _ _ _ _ _ _ _ _ _ _ _ _ _ _ _ _ _ _ _ _ _ _ _ _ _ _ _ _ _ _ _ _ _ _ _ _ _ _ _ _ _ _ _ _ _ _ _ _ _ _ _ _ _ _ _ _ _ _ _ _ _ _ _ _ _

self = <a03.LinkedList object at 0x000002AD17FB5400>, index = 2

    def get(self,index):
        # self.index = index
        temp = self.head
        counter = 0
    
        # length =
    
    
        while counter != index:
    
            counter += 1
            prev = temp
            temp = temp.next
    
>       return temp.val
E       AttributeError: 'NoneType' object has no attribute 'val'

a03.py:68: AttributeError
================================================================= 1 failed, 7 passed in 0.14 seconds ==================================================================
========================================================================= test session starts =========================================================================
platform win32 -- Python 3.7.3, pytest-4.3.1, py-1.8.0, pluggy-0.9.0
rootdir: C:\Users\Owner\Downloads\assignment3, inifile:
plugins: timeout-1.3.3, remotedata-0.3.1, openfiles-0.3.2, doctestplus-0.3.0, arraydiff-0.3
timeout: 3.0s
timeout method: thread
timeout func_only: False
collected 8 items

test_student.py .......F                                                                                                                                         [100%]

============================================================================== FAILURES ===============================================================================
____________________________________________________________________________ test_s_get_3 _____________________________________________________________________________

    def test_s_get_3():
        l = LinkedList()
        l.push(10)
        l.push(11)
        l.push(12)
        l.pop()
        try:
>           l.get(2)

test_student.py:77: 
_ _ _ _ _ _ _ _ _ _ _ _ _ _ _ _ _ _ _ _ _ _ _ _ _ _ _ _ _ _ _ _ _ _ _ _ _ _ _ _ _ _ _ _ _ _ _ _ _ _ _ _ _ _ _ _ _ _ _ _ _ _ _ _ _ _ _ _ _ _ _ _ _ _ _ _ _ _ _ _ _ _ _ _

self = <a03.LinkedList object at 0x000001739D6744E0>, index = 2

    def get(self,index):
        # self.index = index
        temp = self.head
        counter = 0
    
        length = self.len()
    
    
        while counter != length:
            if counter == index:
                break
    
            counter += 1
            prev = temp
            temp = temp.next
    
>       return temp.val
E       AttributeError: 'NoneType' object has no attribute 'val'

a03.py:70: AttributeError
================================================================= 1 failed, 7 passed in 0.14 seconds ==================================================================
========================================================================= test session starts =========================================================================
platform win32 -- Python 3.7.3, pytest-4.3.1, py-1.8.0, pluggy-0.9.0
rootdir: C:\Users\Owner\Downloads\assignment3, inifile:
plugins: timeout-1.3.3, remotedata-0.3.1, openfiles-0.3.2, doctestplus-0.3.0, arraydiff-0.3
timeout: 3.0s
timeout method: thread
timeout func_only: False
collected 8 items

test_student.py .....FFF                                                                                                                                         [100%]

============================================================================== FAILURES ===============================================================================
____________________________________________________________________________ test_s_get_1 _____________________________________________________________________________

    def test_s_get_1():
        l = LinkedList()
        l.push(10)
        l.push(11)
        l.push(12)
>       assert l.get(0) == 10
E       assert None == 10
E        +  where None = <bound method LinkedList.get of <a03.LinkedList object at 0x000002A58A2C2128>>(0)
E        +    where <bound method LinkedList.get of <a03.LinkedList object at 0x000002A58A2C2128>> = <a03.LinkedList object at 0x000002A58A2C2128>.get

test_student.py:59: AssertionError
____________________________________________________________________________ test_s_get_2 _____________________________________________________________________________

    def test_s_get_2():
        l = LinkedList()
        l.push(10)
        l.push(11)
        l.push(12)
>       assert l.get(1) == 11
E       assert None == 11
E        +  where None = <bound method LinkedList.get of <a03.LinkedList object at 0x000002A58A2C2748>>(1)
E        +    where <bound method LinkedList.get of <a03.LinkedList object at 0x000002A58A2C2748>> = <a03.LinkedList object at 0x000002A58A2C2748>.get

test_student.py:67: AssertionError
____________________________________________________________________________ test_s_get_3 _____________________________________________________________________________

    def test_s_get_3():
        l = LinkedList()
        l.push(10)
        l.push(11)
        l.push(12)
        l.pop()
        try:
            l.get(2)
>           raise AssertionError("IndexError not raised as expected!")
E           AssertionError: IndexError not raised as expected!

test_student.py:78: AssertionError
================================================================= 3 failed, 5 passed in 0.13 seconds ==================================================================
========================================================================= test session starts =========================================================================
platform win32 -- Python 3.7.3, pytest-4.3.1, py-1.8.0, pluggy-0.9.0
rootdir: C:\Users\Owner\Downloads\assignment3, inifile:
plugins: timeout-1.3.3, remotedata-0.3.1, openfiles-0.3.2, doctestplus-0.3.0, arraydiff-0.3
timeout: 3.0s
timeout method: thread
timeout func_only: False
collected 8 items

test_student.py .....FFF                                                                                                                                         [100%]

============================================================================== FAILURES ===============================================================================
____________________________________________________________________________ test_s_get_1 _____________________________________________________________________________

    def test_s_get_1():
        l = LinkedList()
        l.push(10)
        l.push(11)
        l.push(12)
>       assert l.get(0) == 10
E       assert None == 10
E        +  where None = <bound method LinkedList.get of <a03.LinkedList object at 0x0000027E48FA2E80>>(0)
E        +    where <bound method LinkedList.get of <a03.LinkedList object at 0x0000027E48FA2E80>> = <a03.LinkedList object at 0x0000027E48FA2E80>.get

test_student.py:59: AssertionError
____________________________________________________________________________ test_s_get_2 _____________________________________________________________________________

    def test_s_get_2():
        l = LinkedList()
        l.push(10)
        l.push(11)
        l.push(12)
>       assert l.get(1) == 11
E       assert None == 11
E        +  where None = <bound method LinkedList.get of <a03.LinkedList object at 0x0000027E48FBA4E0>>(1)
E        +    where <bound method LinkedList.get of <a03.LinkedList object at 0x0000027E48FBA4E0>> = <a03.LinkedList object at 0x0000027E48FBA4E0>.get

test_student.py:67: AssertionError
____________________________________________________________________________ test_s_get_3 _____________________________________________________________________________

    def test_s_get_3():
        l = LinkedList()
        l.push(10)
        l.push(11)
        l.push(12)
        l.pop()
        try:
            l.get(2)
>           raise AssertionError("IndexError not raised as expected!")
E           AssertionError: IndexError not raised as expected!

test_student.py:78: AssertionError
================================================================= 3 failed, 5 passed in 0.13 seconds ==================================================================
========================================================================= test session starts =========================================================================
platform win32 -- Python 3.7.3, pytest-4.3.1, py-1.8.0, pluggy-0.9.0
rootdir: C:\Users\Owner\Downloads\assignment3, inifile:
plugins: timeout-1.3.3, remotedata-0.3.1, openfiles-0.3.2, doctestplus-0.3.0, arraydiff-0.3
timeout: 3.0s
timeout method: thread
timeout func_only: False
collected 8 items

test_student.py .......F                                                                                                                                         [100%]

============================================================================== FAILURES ===============================================================================
____________________________________________________________________________ test_s_get_3 _____________________________________________________________________________

    def test_s_get_3():
        l = LinkedList()
        l.push(10)
        l.push(11)
        l.push(12)
        l.pop()
        try:
>           l.get(2)

test_student.py:77: 
_ _ _ _ _ _ _ _ _ _ _ _ _ _ _ _ _ _ _ _ _ _ _ _ _ _ _ _ _ _ _ _ _ _ _ _ _ _ _ _ _ _ _ _ _ _ _ _ _ _ _ _ _ _ _ _ _ _ _ _ _ _ _ _ _ _ _ _ _ _ _ _ _ _ _ _ _ _ _ _ _ _ _ _

self = <a03.LinkedList object at 0x0000025212D724E0>, index = 2

    def get(self,index):
        # self.index = index
        temp = self.head
        counter = 0
    
        length = self.len()
    
    
        while counter != length:
            if counter == index:
                break
    
            counter += 1
            prev = temp
            temp = temp.next
    
>       return temp.val
E       AttributeError: 'NoneType' object has no attribute 'val'

a03.py:70: AttributeError
================================================================= 1 failed, 7 passed in 0.12 seconds ==================================================================
========================================================================= test session starts =========================================================================
platform win32 -- Python 3.7.3, pytest-4.3.1, py-1.8.0, pluggy-0.9.0
rootdir: C:\Users\Owner\Downloads\assignment3, inifile:
plugins: timeout-1.3.3, remotedata-0.3.1, openfiles-0.3.2, doctestplus-0.3.0, arraydiff-0.3
timeout: 3.0s
timeout method: thread
timeout func_only: False
collected 8 items

test_student.py .......F                                                                                                                                         [100%]

============================================================================== FAILURES ===============================================================================
____________________________________________________________________________ test_s_get_3 _____________________________________________________________________________

    def test_s_get_3():
        l = LinkedList()
        l.push(10)
        l.push(11)
        l.push(12)
        l.pop()
        try:
            l.get(2)
>           raise AssertionError("IndexError not raised as expected!")
E           AssertionError: IndexError not raised as expected!

test_student.py:78: AssertionError
================================================================= 1 failed, 7 passed in 0.12 seconds ==================================================================
========================================================================= test session starts =========================================================================
platform win32 -- Python 3.7.3, pytest-4.3.1, py-1.8.0, pluggy-0.9.0
rootdir: C:\Users\Owner\Downloads\assignment3, inifile:
plugins: timeout-1.3.3, remotedata-0.3.1, openfiles-0.3.2, doctestplus-0.3.0, arraydiff-0.3
timeout: 3.0s
timeout method: thread
timeout func_only: False
collected 8 items

test_student.py .......F                                                                                                                                         [100%]

============================================================================== FAILURES ===============================================================================
____________________________________________________________________________ test_s_get_3 _____________________________________________________________________________

    def test_s_get_3():
        l = LinkedList()
        l.push(10)
        l.push(11)
        l.push(12)
        l.pop()
        try:
            l.get(2)
>           raise AssertionError("IndexError not raised as expected!")
E           AssertionError: IndexError not raised as expected!

test_student.py:78: AssertionError
================================================================= 1 failed, 7 passed in 0.12 seconds ==================================================================
========================================================================= test session starts =========================================================================
platform win32 -- Python 3.7.3, pytest-4.3.1, py-1.8.0, pluggy-0.9.0
rootdir: C:\Users\Owner\Downloads\assignment3, inifile:
plugins: timeout-1.3.3, remotedata-0.3.1, openfiles-0.3.2, doctestplus-0.3.0, arraydiff-0.3
timeout: 3.0s
timeout method: thread
timeout func_only: False
collected 8 items

test_student.py ........                                                                                                                                         [100%]

====================================================================== 8 passed in 0.06 seconds =======================================================================
========================================================================= test session starts =========================================================================
platform win32 -- Python 3.7.3, pytest-4.3.1, py-1.8.0, pluggy-0.9.0
rootdir: C:\Users\Owner\Downloads\assignment3, inifile:
plugins: timeout-1.3.3, remotedata-0.3.1, openfiles-0.3.2, doctestplus-0.3.0, arraydiff-0.3
timeout: 3.0s
timeout method: thread
timeout func_only: False
collected 8 items

test_student.py ........                                                                                                                                         [100%]

====================================================================== 8 passed in 0.06 seconds =======================================================================
========================================================================= test session starts =========================================================================
platform win32 -- Python 3.7.3, pytest-4.3.1, py-1.8.0, pluggy-0.9.0
rootdir: C:\Users\Owner\Downloads\assignment3, inifile:
plugins: timeout-1.3.3, remotedata-0.3.1, openfiles-0.3.2, doctestplus-0.3.0, arraydiff-0.3
timeout: 3.0s
timeout method: thread
timeout func_only: False
collected 8 items

test_student.py .......F                                                                                                                                         [100%]

============================================================================== FAILURES ===============================================================================
____________________________________________________________________________ test_s_get_3 _____________________________________________________________________________

    def test_s_get_3():
        l = LinkedList()
        l.push(10)
        l.push(11)
        l.push(12)
        l.pop()
        try:
>           l.get(2)

test_student.py:77: 
_ _ _ _ _ _ _ _ _ _ _ _ _ _ _ _ _ _ _ _ _ _ _ _ _ _ _ _ _ _ _ _ _ _ _ _ _ _ _ _ _ _ _ _ _ _ _ _ _ _ _ _ _ _ _ _ _ _ _ _ _ _ _ _ _ _ _ _ _ _ _ _ _ _ _ _ _ _ _ _ _ _ _ _

self = <a03.LinkedList object at 0x000001774D775710>, index = 2

    def get(self,index):
        # self.index = index
        temp = self.head
        counter = 0
    
        length = self.len()
    
    
        while counter != length:
            if counter == index:
                break
    
            counter += 1
            prev = temp
            temp = temp.next
    
        if index > counter:
            raise IndexError("Out of bound")
    
>       return temp.val
E       AttributeError: 'NoneType' object has no attribute 'val'

a03.py:73: AttributeError
================================================================= 1 failed, 7 passed in 0.14 seconds ==================================================================
========================================================================= test session starts =========================================================================
platform win32 -- Python 3.7.3, pytest-4.3.1, py-1.8.0, pluggy-0.9.0
rootdir: C:\Users\Owner\Downloads\assignment3, inifile:
plugins: timeout-1.3.3, remotedata-0.3.1, openfiles-0.3.2, doctestplus-0.3.0, arraydiff-0.3
timeout: 3.0s
timeout method: thread
timeout func_only: False
collected 8 items

test_student.py ........                                                                                                                                         [100%]

====================================================================== 8 passed in 0.06 seconds =======================================================================
========================================================================= test session starts =========================================================================
platform win32 -- Python 3.7.3, pytest-4.3.1, py-1.8.0, pluggy-0.9.0
rootdir: C:\Users\Owner\Downloads\assignment3, inifile:
plugins: timeout-1.3.3, remotedata-0.3.1, openfiles-0.3.2, doctestplus-0.3.0, arraydiff-0.3
timeout: 3.0s
timeout method: thread
timeout func_only: False
collected 8 items

test_student.py ........                                                                                                                                         [100%]

====================================================================== 8 passed in 0.07 seconds =======================================================================
